[    0.000000] Initializing cgroup subsys cpuset
[    0.000000] Initializing cgroup subsys cpu
[    0.000000] Initializing cgroup subsys cpuacct
[    0.000000] Linux version 4.4.0-210-generic (buildd@lgw01-amd64-009) (gcc version 5.4.0 20160609 (Ubuntu 5.4.0-6ubuntu1~16.04.12) ) #242-Ubuntu SMP Fri Apr 16 09:57:56 UTC 2021 (Ubuntu 4.4.0-210.242-generic 4.4.262)
[    0.000000] Command line: BOOT_IMAGE=/boot/vmlinuz-4.4.0-210-generic root=LABEL=cloudimg-rootfs ro console=tty1 console=ttyS0
[    0.000000] KERNEL supported cpus:
[    0.000000]   Intel GenuineIntel
[    0.000000]   AMD AuthenticAMD
[    0.000000]   Centaur CentaurHauls
[    0.000000] x86/fpu: Legacy x87 FPU detected.
[    0.000000] e820: BIOS-provided physical RAM map:
[    0.000000] BIOS-e820: [mem 0x0000000000000000-0x000000000009fbff] usable
[    0.000000] BIOS-e820: [mem 0x000000000009fc00-0x000000000009ffff] reserved
[    0.000000] BIOS-e820: [mem 0x00000000000f0000-0x00000000000fffff] reserved
[    0.000000] BIOS-e820: [mem 0x0000000000100000-0x00000000dffeffff] usable
[    0.000000] BIOS-e820: [mem 0x00000000dfff0000-0x00000000dfffffff] ACPI data
[    0.000000] BIOS-e820: [mem 0x00000000fec00000-0x00000000fec00fff] reserved
[    0.000000] BIOS-e820: [mem 0x00000000fee00000-0x00000000fee00fff] reserved
[    0.000000] BIOS-e820: [mem 0x00000000fffc0000-0x00000000ffffffff] reserved
[    0.000000] BIOS-e820: [mem 0x0000000100000000-0x000000011fffffff] usable
[    0.000000] NX (Execute Disable) protection: active
[    0.000000] SMBIOS 2.5 present.
[    0.000000] Hypervisor detected: KVM
[    0.000000] Kernel/User page tables isolation: disabled
[    0.000000] e820: last_pfn = 0x120000 max_arch_pfn = 0x400000000
[    0.000000] MTRR: Disabled
[    0.000000] x86/PAT: MTRRs disabled, skipping PAT initialization too.
[    0.000000] CPU MTRRs all blank - virtualized system.
[    0.000000] x86/PAT: Configuration [0-7]: WB  WT  UC- UC  WB  WT  UC- UC  
[    0.000000] e820: last_pfn = 0xdfff0 max_arch_pfn = 0x400000000
[    0.000000] found SMP MP-table at [mem 0x0009fff0-0x0009ffff] mapped at [ffff88000009fff0]
[    0.000000] Scanning 1 areas for low memory corruption
[    0.000000] RAMDISK: [mem 0x362dc000-0x37165fff]
[    0.000000] ACPI: Early table checksum verification disabled
[    0.000000] ACPI: RSDP 0x00000000000E0000 000024 (v02 VBOX  )
[    0.000000] ACPI: XSDT 0x00000000DFFF0030 00003C (v01 VBOX   VBOXXSDT 00000001 ASL  00000061)
[    0.000000] ACPI: FACP 0x00000000DFFF00F0 0000F4 (v04 VBOX   VBOXFACP 00000001 ASL  00000061)
[    0.000000] ACPI: DSDT 0x00000000DFFF0610 002353 (v02 VBOX   VBOXBIOS 00000002 INTL 20100528)
[    0.000000] ACPI: FACS 0x00000000DFFF0200 000040
[    0.000000] ACPI: FACS 0x00000000DFFF0200 000040
[    0.000000] ACPI: APIC 0x00000000DFFF0240 00005C (v02 VBOX   VBOXAPIC 00000001 ASL  00000061)
[    0.000000] ACPI: SSDT 0x00000000DFFF02A0 00036C (v01 VBOX   VBOXCPUT 00000002 INTL 20100528)
[    0.000000] No NUMA configuration found
[    0.000000] Faking a node at [mem 0x0000000000000000-0x000000011fffffff]
[    0.000000] NODE_DATA(0) allocated [mem 0x11fff7000-0x11fffbfff]
[    0.000000] kvm-clock: Using msrs 4b564d01 and 4b564d00
[    0.000000] kvm-clock: cpu 0, msr 1:1ffef001, primary cpu clock
[    0.000000] kvm-clock: using sched offset of 3655348605 cycles
[    0.000000] clocksource: kvm-clock: mask: 0xffffffffffffffff max_cycles: 0x1cd42e4dffb, max_idle_ns: 881590591483 ns
[    0.000000] Zone ranges:
[    0.000000]   DMA      [mem 0x0000000000001000-0x0000000000ffffff]
[    0.000000]   DMA32    [mem 0x0000000001000000-0x00000000ffffffff]
[    0.000000]   Normal   [mem 0x0000000100000000-0x000000011fffffff]
[    0.000000]   Device   empty
[    0.000000] Movable zone start for each node
[    0.000000] Early memory node ranges
[    0.000000]   node   0: [mem 0x0000000000001000-0x000000000009efff]
[    0.000000]   node   0: [mem 0x0000000000100000-0x00000000dffeffff]
[    0.000000]   node   0: [mem 0x0000000100000000-0x000000011fffffff]
[    0.000000] Initmem setup node 0 [mem 0x0000000000001000-0x000000011fffffff]
[    0.000000] ACPI: PM-Timer IO Port: 0x4008
[    0.000000] IOAPIC[0]: apic_id 2, version 32, address 0xfec00000, GSI 0-23
[    0.000000] ACPI: INT_SRC_OVR (bus 0 bus_irq 0 global_irq 2 dfl dfl)
[    0.000000] ACPI: INT_SRC_OVR (bus 0 bus_irq 9 global_irq 9 low level)
[    0.000000] Using ACPI (MADT) for SMP configuration information
[    0.000000] smpboot: Allowing 2 CPUs, 0 hotplug CPUs
[    0.000000] PM: Registered nosave memory: [mem 0x00000000-0x00000fff]
[    0.000000] PM: Registered nosave memory: [mem 0x0009f000-0x0009ffff]
[    0.000000] PM: Registered nosave memory: [mem 0x000a0000-0x000effff]
[    0.000000] PM: Registered nosave memory: [mem 0x000f0000-0x000fffff]
[    0.000000] PM: Registered nosave memory: [mem 0xdfff0000-0xdfffffff]
[    0.000000] PM: Registered nosave memory: [mem 0xe0000000-0xfebfffff]
[    0.000000] PM: Registered nosave memory: [mem 0xfec00000-0xfec00fff]
[    0.000000] PM: Registered nosave memory: [mem 0xfec01000-0xfedfffff]
[    0.000000] PM: Registered nosave memory: [mem 0xfee00000-0xfee00fff]
[    0.000000] PM: Registered nosave memory: [mem 0xfee01000-0xfffbffff]
[    0.000000] PM: Registered nosave memory: [mem 0xfffc0000-0xffffffff]
[    0.000000] e820: [mem 0xe0000000-0xfebfffff] available for PCI devices
[    0.000000] Booting paravirtualized kernel on KVM
[    0.000000] clocksource: refined-jiffies: mask: 0xffffffff max_cycles: 0xffffffff, max_idle_ns: 7645519600211568 ns
[    0.000000] setup_percpu: NR_CPUS:512 nr_cpumask_bits:512 nr_cpu_ids:2 nr_node_ids:1
[    0.000000] PERCPU: Embedded 33 pages/cpu @ffff88011fc00000 s95192 r8192 d31784 u1048576
[    0.000000] Built 1 zonelists in Node order, mobility grouping on.  Total pages: 1032056
[    0.000000] Policy zone: Normal
[    0.000000] Kernel command line: BOOT_IMAGE=/boot/vmlinuz-4.4.0-210-generic root=LABEL=cloudimg-rootfs ro console=tty1 console=ttyS0
[    0.000000] PID hash table entries: 4096 (order: 3, 32768 bytes)
[    0.000000] Memory: 4028304K/4193848K available (8644K kernel code, 1332K rwdata, 4044K rodata, 1492K init, 1164K bss, 165544K reserved, 0K cma-reserved)
[    0.000000] SLUB: HWalign=64, Order=0-3, MinObjects=0, CPUs=2, Nodes=1
[    0.000000] Hierarchical RCU implementation.
[    0.000000] 	Build-time adjustment of leaf fanout to 64.
[    0.000000] 	RCU restricting CPUs from NR_CPUS=512 to nr_cpu_ids=2.
[    0.000000] RCU: Adjusting geometry for rcu_fanout_leaf=64, nr_cpu_ids=2
[    0.000000] NR_IRQS:33024 nr_irqs:440 16
[    0.000000] Console: colour VGA+ 80x25
[    0.000000] console [tty1] enabled
[    0.000000] console [ttyS0] enabled
[    0.000000] tsc: Detected 1992.004 MHz processor
[    1.488507] Calibrating delay loop (skipped) preset value.. 3984.00 BogoMIPS (lpj=7968016)
[    1.496395] pid_max: default: 32768 minimum: 301
[    1.501512] ACPI: Core revision 20150930
[    1.506726] ACPI: 2 ACPI AML tables successfully acquired and loaded
[    1.514294] Security Framework initialized
[    1.518597] Yama: becoming mindful.
[    1.524003] AppArmor: AppArmor initialized
[    1.530405] Dentry cache hash table entries: 524288 (order: 10, 4194304 bytes)
[    1.567802] Inode-cache hash table entries: 262144 (order: 9, 2097152 bytes)
[    1.592130] Mount-cache hash table entries: 8192 (order: 4, 65536 bytes)
[    1.601668] Mountpoint-cache hash table entries: 8192 (order: 4, 65536 bytes)
[    1.613611] Initializing cgroup subsys io
[    1.618346] Initializing cgroup subsys memory
[    1.624485] Initializing cgroup subsys devices
[    1.628698] Initializing cgroup subsys freezer
[    1.634561] Initializing cgroup subsys net_cls
[    1.641690] Initializing cgroup subsys perf_event
[    1.649085] Initializing cgroup subsys net_prio
[    1.657107] Initializing cgroup subsys hugetlb
[    1.664444] Initializing cgroup subsys pids
[    1.686667] mce: CPU supports 0 MCE banks
[    1.696633] Last level iTLB entries: 4KB 64, 2MB 8, 4MB 8
[    1.702890] Last level dTLB entries: 4KB 64, 2MB 0, 4MB 0, 1GB 4
[    1.713171] Spectre V1 : Mitigation: usercopy/swapgs barriers and __user pointer sanitization
[    1.725856] Spectre V2 : Mitigation: Enhanced IBRS
[    1.734700] Spectre V2 : Spectre v2 / SpectreRSB mitigation: Filling RSB on context switch
[    1.743661] Speculative Store Bypass: Vulnerable
[    1.751202] SRBDS: Mitigation: TSX disabled
[    1.810979] Freeing SMP alternatives memory: 36K
[    1.992133] ftrace: allocating 32380 entries in 127 pages
[    3.125576] smpboot: APIC(0) Converting physical 0 to logical package 0
[    3.137197] smpboot: Max logical packages: 1
[    3.162120] ..TIMER: vector=0x30 apic1=0 pin1=2 apic2=-1 pin2=-1
[    3.279244] APIC calibration not consistent with PM-Timer: 104ms instead of 100ms
[    3.289183] APIC delta adjusted to PM-Timer: 6311898 (6591280)
[    3.296093] smpboot: CPU0: Intel(R) Core(TM) i7-8565U CPU @ 1.80GHz (family: 0x6, model: 0x8e, stepping: 0xc)
[    3.308580] Performance Events: unsupported p6 CPU model 142 no PMU driver, software events only.
[    3.509138] KVM setup paravirtual spinlock
[    3.519635] x86: Booting SMP configuration:
[    3.526725] .... node  #0, CPUs:      #1
[    3.532598] kvm-clock: cpu 1, msr 1:1ffef041, secondary cpu clock
[    3.557279] mce: CPU supports 0 MCE banks
[    3.563439] TSC synchronization [CPU#0 -> CPU#1]:
[    3.569260] Measured 76863 cycles TSC warp between CPUs, turning off TSC clock.
[    3.577110] tsc: Marking TSC unstable due to check_tsc_sync_source failed
[    0.797843] x86: Booted up 1 node, 2 CPUs
[    0.800004] smpboot: Total of 2 processors activated (7968.01 BogoMIPS)
[    0.808985] devtmpfs: initialized
[    0.816125] evm: security.selinux
[    0.819377] evm: security.SMACK64
[    0.820005] evm: security.SMACK64EXEC
[    0.824002] evm: security.SMACK64TRANSMUTE
[    0.828006] evm: security.SMACK64MMAP
[    0.832003] evm: security.ima
[    0.836002] evm: security.capability
[    0.840346] clocksource: jiffies: mask: 0xffffffff max_cycles: 0xffffffff, max_idle_ns: 7645041785100000 ns
[    0.844020] futex hash table entries: 512 (order: 3, 32768 bytes)
[    0.848430] pinctrl core: initialized pinctrl subsystem
[    0.852328] RTC time: 19:06:38, date: 09/18/24
[    0.860647] NET: Registered protocol family 16
[    0.876023] cpuidle: using governor ladder
[    0.892052] cpuidle: using governor menu
[    0.896579] PCCT header not found.
[    0.904345] ACPI: bus type PCI registered
[    0.908004] acpiphp: ACPI Hot Plug PCI Controller Driver version: 0.5
[    0.912507] PCI: Using configuration type 1 for base access
[    0.936816] ACPI: Added _OSI(Module Device)
[    0.940004] ACPI: Added _OSI(Processor Device)
[    0.944006] ACPI: Added _OSI(3.0 _SCP Extensions)
[    0.952006] ACPI: Added _OSI(Processor Aggregator Device)
[    0.957796] ACPI: Executed 1 blocks of module-level executable AML code
[    0.972077] ACPI: Interpreter enabled
[    0.976020] ACPI: (supports S0 S5)
[    0.980004] ACPI: Using IOAPIC for interrupt routing
[    0.984316] PCI: Using host bridge windows from ACPI; if necessary, use "pci=nocrs" and report a bug
[    0.998004] ACPI: PCI Root Bridge [PCI0] (domain 0000 [bus 00-ff])
[    1.000006] acpi PNP0A03:00: _OSC: OS supports [ASPM ClockPM Segments MSI]
[    1.004590] acpi PNP0A03:00: _OSC: not requesting OS control; OS requires [ExtendedConfig ASPM ClockPM MSI]
[    1.008011] acpi PNP0A03:00: fail to add MMCONFIG information, can't access extended PCI configuration space under this bridge.
[    1.016165] PCI host bridge to bus 0000:00
[    1.020005] pci_bus 0000:00: root bus resource [io  0x0000-0x0cf7 window]
[    1.024009] pci_bus 0000:00: root bus resource [io  0x0d00-0xffff window]
[    1.028005] pci_bus 0000:00: root bus resource [mem 0x000a0000-0x000bffff window]
[    1.032008] pci_bus 0000:00: root bus resource [mem 0xe0000000-0xfdffffff window]
[    1.036007] pci_bus 0000:00: root bus resource [bus 00-ff]
[    1.048000] pci 0000:00:01.1: legacy IDE quirk: reg 0x10: [io  0x01f0-0x01f7]
[    1.048006] pci 0000:00:01.1: legacy IDE quirk: reg 0x14: [io  0x03f6]
[    1.052004] pci 0000:00:01.1: legacy IDE quirk: reg 0x18: [io  0x0170-0x0177]
[    1.056008] pci 0000:00:01.1: legacy IDE quirk: reg 0x1c: [io  0x0376]
[    1.085568] pci 0000:00:07.0: quirk: [io  0x4000-0x403f] claimed by PIIX4 ACPI
[    1.088049] pci 0000:00:07.0: quirk: [io  0x4100-0x410f] claimed by PIIX4 SMB
[    1.107207] ACPI: PCI Interrupt Link [LNKA] (IRQs 5 9 10 *11)
[    1.111746] ACPI: PCI Interrupt Link [LNKB] (IRQs 5 9 *10 11)
[    1.115083] ACPI: PCI Interrupt Link [LNKC] (IRQs 5 *9 10 11)
[    1.122294] ACPI: PCI Interrupt Link [LNKD] (IRQs 5 9 10 *11)
[    1.130379] ACPI: Enabled 2 GPEs in block 00 to 07
[    1.136144] vgaarb: setting as boot device: PCI:0000:00:02.0
[    1.140000] vgaarb: device added: PCI:0000:00:02.0,decodes=io+mem,owns=io+mem,locks=none
[    1.140009] vgaarb: loaded
[    1.144003] vgaarb: bridge control possible 0000:00:02.0
[    1.148668] SCSI subsystem initialized
[    1.156255] ACPI: bus type USB registered
[    1.160044] usbcore: registered new interface driver usbfs
[    1.164063] usbcore: registered new interface driver hub
[    1.168044] usbcore: registered new device driver usb
[    1.172641] PCI: Using ACPI for IRQ routing
[    1.176950] NetLabel: Initializing
[    1.180003] NetLabel:  domain hash size = 128
[    1.184004] NetLabel:  protocols = UNLABELED CIPSOv4
[    1.188013] NetLabel:  unlabeled traffic allowed by default
[    1.192209] amd_nb: Cannot enumerate AMD northbridges
[    1.196306] clocksource: Switched to clocksource kvm-clock
[    1.227697] AppArmor: AppArmor Filesystem Enabled
[    1.227697] pnp: PnP ACPI init
[    1.227697] pnp: PnP ACPI: found 3 devices
[    1.306758] clocksource: acpi_pm: mask: 0xffffff max_cycles: 0xffffff, max_idle_ns: 2085701024 ns
[    1.308907] NET: Registered protocol family 2
[    1.324786] TCP established hash table entries: 32768 (order: 6, 262144 bytes)
[    1.333160] TCP bind hash table entries: 32768 (order: 7, 524288 bytes)
[    1.335957] TCP: Hash tables configured (established 32768 bind 32768)
[    1.335957] UDP hash table entries: 2048 (order: 4, 65536 bytes)
[    1.335957] UDP-Lite hash table entries: 2048 (order: 4, 65536 bytes)
[    1.335957] NET: Registered protocol family 1
[    1.335957] pci 0000:00:00.0: Limiting direct PCI/PCI transfers
[    1.335957] pci 0000:00:01.0: Activating ISA DMA hang workarounds
[    1.381625] Unpacking initramfs...
[    1.996227] Freeing initrd memory: 14888K
[    2.004282] PCI-DMA: Using software bounce buffering for IO (SWIOTLB)
[    2.011460] software IO TLB: mapped [mem 0xdbff0000-0xdfff0000] (64MB)
[    2.018612] clocksource: tsc: mask: 0xffffffffffffffff max_cycles: 0x396d59a56c3, max_idle_ns: 881590573781 ns
[    2.028165] platform rtc_cmos: registered platform RTC device (no PNP device found)
[    2.035045] Scanning for low memory corruption every 60 seconds
[    2.042038] audit: initializing netlink subsys (disabled)
[    2.047109] audit: type=2000 audit(1726686402.852:1): initialized
[    2.052995] Initialise system trusted keyring
[    2.058178] HugeTLB registered 2 MB page size, pre-allocated 0 pages
[    2.067504] zbud: loaded
[    2.071629] VFS: Disk quotas dquot_6.6.0
[    2.075617] VFS: Dquot-cache hash table entries: 512 (order 0, 4096 bytes)
[    2.082543] squashfs: version 4.0 (2009/01/31) Phillip Lougher
[    2.090290] fuse init (API version 7.23)
[    2.095662] Key type big_key registered
[    2.099708] Allocating IMA MOK and blacklist keyrings.
[    2.122590] Key type asymmetric registered
[    2.128906] Asymmetric key parser 'x509' registered
[    2.134891] Block layer SCSI generic (bsg) driver version 0.4 loaded (major 249)
[    2.145150] io scheduler noop registered
[    2.149729] io scheduler deadline registered (default)
[    2.155145] io scheduler cfq registered
[    2.159286] pci_hotplug: PCI Hot Plug PCI Core version: 0.5
[    2.164291] pciehp: PCI Express Hot Plug Controller Driver version: 0.4
[    2.170735] ACPI: AC Adapter [AC] (on-line)
[    2.174727] input: Power Button as /devices/LNXSYSTM:00/LNXPWRBN:00/input/input0
[    2.181879] ACPI: Power Button [PWRF]
[    2.187202] input: Sleep Button as /devices/LNXSYSTM:00/LNXSLPBN:00/input/input1
[    2.194541] ACPI: Sleep Button [SLPF]
[    2.200263] GHES: HEST is not enabled!
[    2.202050] ACPI: Battery Slot [BAT0] (battery present)
[    2.212189] Serial: 8250/16550 driver, 32 ports, IRQ sharing enabled
[    2.245028] 00:02: ttyS0 at I/O 0x3f8 (irq = 4, base_baud = 115200) is a 16550A
[    2.283810] Linux agpgart interface v0.103
[    2.309029] loop: module loaded
[    2.317042] scsi host0: ata_piix
[    2.322572] scsi host1: ata_piix
[    2.326465] ata1: PATA max UDMA/33 cmd 0x1f0 ctl 0x3f6 bmdma 0xd000 irq 14
[    2.332786] ata2: PATA max UDMA/33 cmd 0x170 ctl 0x376 bmdma 0xd008 irq 15
[    2.339992] libphy: Fixed MDIO Bus: probed
[    2.345018] tun: Universal TUN/TAP device driver, 1.6
[    2.349898] tun: (C) 1999-2004 Max Krasnyansky <maxk@qualcomm.com>
[    2.357552] PPP generic driver version 2.4.2
[    2.362891] ehci_hcd: USB 2.0 'Enhanced' Host Controller (EHCI) Driver
[    2.369112] ehci-pci: EHCI PCI platform driver
[    2.373837] ehci-platform: EHCI generic platform driver
[    2.379058] ohci_hcd: USB 1.1 'Open' Host Controller (OHCI) Driver
[    2.385029] ohci-pci: OHCI PCI platform driver
[    2.389495] ohci-platform: OHCI generic platform driver
[    2.394829] uhci_hcd: USB Universal Host Controller Interface driver
[    2.401125] i8042: PNP: PS/2 Controller [PNP0303:PS2K,PNP0f03:PS2M] at 0x60,0x64 irq 1,12
[    2.414370] serio: i8042 KBD port at 0x60,0x64 irq 1
[    2.416503] serio: i8042 AUX port at 0x60,0x64 irq 12
[    2.425902] mousedev: PS/2 mouse device common for all mice
[    2.436802] rtc_cmos rtc_cmos: rtc core: registered rtc_cmos as rtc0
[    2.444406] input: AT Translated Set 2 keyboard as /devices/platform/i8042/serio0/input/input2
[    2.454118] rtc_cmos rtc_cmos: alarms up to one day, 114 bytes nvram
[    2.464348] i2c /dev entries driver
[    2.472814] device-mapper: uevent: version 1.0.3
[    2.482733] device-mapper: ioctl: 4.34.0-ioctl (2015-10-28) initialised: dm-devel@redhat.com
[    2.563655] ledtrig-cpu: registered to indicate activity on CPUs
[    2.575035] NET: Registered protocol family 10
[    2.583407] NET: Registered protocol family 17
[    2.590591] Key type dns_resolver registered
[    2.598282] registered taskstats version 1
[    2.604825] Loading compiled-in X.509 certificates
[    2.610538] Loaded X.509 cert 'Build time autogenerated kernel key: cf00e047681d67edb2720680708b7d9498083038'
[    2.619531] zswap: loaded using pool lzo/zbud
[    2.629021] Key type trusted registered
[    2.642395] Key type encrypted registered
[    2.647851] AppArmor: AppArmor sha1 policy hashing enabled
[    2.653640] ima: No TPM chip found, activating TPM-bypass!
[    2.659204] ima: Allocated hash algorithm: sha1
[    2.664378] evm: HMAC attrs: 0x1
[    2.669691]   Magic number: 8:452:142
[    2.675203] rtc_cmos rtc_cmos: setting system clock to 2024-09-18 19:06:40 UTC (1726686400)
[    2.683805] BIOS EDD facility v0.16 2004-Jun-25, 0 devices found
[    2.691375] EDD information not available.
[    2.698567] Freeing unused kernel memory: 1492K
[    2.717705] Write protecting the kernel read-only data: 14336k
[    2.726162] Freeing unused kernel memory: 1584K
[    2.732280] Freeing unused kernel memory: 52K
Loading, please wait...
starting version 229
[    2.772596] random: systemd-udevd: uninitialized urandom read (16 bytes read, 11 bits of entropy available)
[    2.773361] random: udevadm: uninitialized urandom read (16 bytes read, 11 bits of entropy available)
[    2.773406] random: udevadm: uninitialized urandom read (16 bytes read, 11 bits of entropy available)
[    2.792974] random: udevadm: uninitialized urandom read (16 bytes read, 11 bits of entropy available)
[    2.793026] random: udevadm: uninitialized urandom read (16 bytes read, 11 bits of entropy available)
[    2.793233] random: udevadm: uninitialized urandom read (16 bytes read, 11 bits of entropy available)
[    2.793328] random: udevadm: uninitialized urandom read (16 bytes read, 11 bits of entropy available)
[    2.793393] random: udevadm: uninitialized urandom read (16 bytes read, 11 bits of entropy available)
[    2.793513] random: udevadm: uninitialized urandom read (16 bytes read, 11 bits of entropy available)
[    2.793574] random: udevadm: uninitialized urandom read (16 bytes read, 11 bits of entropy available)
[    2.978136] e1000: Intel(R) PRO/1000 Network Driver - version 7.3.21-k8-NAPI
[    2.989728] e1000: Copyright (c) 1999-2006 Intel Corporation.
[    3.011390] Fusion MPT base driver 3.04.20
[    3.017896] Copyright (c) 1999-2008 LSI Corporation
[    3.109473] SSE version of gcm_enc/dec engaged.
[    3.205165] Fusion MPT SPI Host driver 3.04.20
[    3.640571] input: ImExPS/2 Generic Explorer Mouse as /devices/platform/i8042/serio1/input/input4
[    3.971772] e1000 0000:00:03.0 eth0: (PCI:33MHz:32-bit) 02:be:82:6b:cc:1d
[    3.981040] e1000 0000:00:03.0 eth0: Intel(R) PRO/1000 Network Connection
[    4.849394] e1000 0000:00:08.0 eth1: (PCI:33MHz:32-bit) 08:00:27:17:7b:23
[    4.862939] e1000 0000:00:08.0 eth1: Intel(R) PRO/1000 Network Connection
[    4.871830] e1000 0000:00:03.0 enp0s3: renamed from eth0
[    4.879740] mptbase: ioc0: Initiating bringup
[    4.901553] e1000 0000:00:08.0 enp0s8: renamed from eth1
[    5.124875] ioc0: LSI53C1030 A0: Capabilities={Initiator}
[    5.827647] scsi host2: ioc0: LSI53C1030 A0, FwRev=00000000h, Ports=1, MaxQ=256, IRQ=20
[    5.998855] scsi 2:0:0:0: Direct-Access     VBOX     HARDDISK         1.0  PQ: 0 ANSI: 5
[    6.014546] scsi target2:0:0: Beginning Domain Validation
[    6.036335] scsi target2:0:0: Domain Validation skipping write tests
[    6.042968] scsi target2:0:0: Ending Domain Validation
[    6.049087] scsi target2:0:0: asynchronous
[    6.057088] scsi 2:0:1:0: Direct-Access     VBOX     HARDDISK         1.0  PQ: 0 ANSI: 5
[    6.061000] scsi target2:0:1: Beginning Domain Validation
[    6.082898] scsi target2:0:1: Domain Validation skipping write tests
[    6.089487] scsi target2:0:1: Ending Domain Validation
[    6.095111] scsi target2:0:1: asynchronous
[    6.102415] scsi 2:0:2:0: Direct-Access     VBOX     HARDDISK         1.0  PQ: 0 ANSI: 5
[    6.106335] scsi target2:0:2: Beginning Domain Validation
[    6.124999] scsi target2:0:2: Domain Validation skipping write tests
[    6.131052] scsi target2:0:2: Ending Domain Validation
[    6.136989] scsi target2:0:2: asynchronous
[    6.170296] sd 2:0:0:0: Attached scsi generic sg0 type 0
[    6.171615] sd 2:0:0:0: [sda] 125829120 512-byte logical blocks: (64.4 GB/60.0 GiB)
[    6.172723] sd 2:0:0:0: [sda] Write Protect is off
[    6.173366] sd 2:0:0:0: [sda] Incomplete mode parameter data
[    6.173367] sd 2:0:0:0: [sda] Assuming drive cache: write through
[    6.185525]  sda: sda1
[    6.188946] sd 2:0:0:0: [sda] Attached SCSI disk
[    6.208320] sd 2:0:1:0: Attached scsi generic sg1 type 0
[    6.208972] sd 2:0:1:0: [sdb] 20480 512-byte logical blocks: (10.5 MB/10.0 MiB)
[    6.209905] sd 2:0:1:0: [sdb] Write Protect is off
[    6.210455] sd 2:0:1:0: [sdb] Incomplete mode parameter data
[    6.210456] sd 2:0:1:0: [sdb] Assuming drive cache: write through
[    6.219134] sd 2:0:1:0: [sdb] Attached SCSI disk
[    6.241628] sd 2:0:2:0: Attached scsi generic sg2 type 0
[    6.242284] sd 2:0:2:0: [sdc] 6291456 512-byte logical blocks: (3.22 GB/3.00 GiB)
[    6.243132] sd 2:0:2:0: [sdc] Write Protect is off
[    6.243672] sd 2:0:2:0: [sdc] Incomplete mode parameter data
[    6.243673] sd 2:0:2:0: [sdc] Assuming drive cache: write through
[    6.247961]  sdc: sdc1
[    6.251491] sd 2:0:2:0: [sdc] Attached SCSI disk
Begin: Loading essential drivers ... [    8.300764] md: linear personality registered for level -1
[    8.314701] md: multipath personality registered for level -4
[    8.326713] md: raid0 personality registered for level 0
[    8.357191] md: raid1 personality registered for level 1
[    8.600888] raid6: sse2x1   gen() 29125 MB/s
[    9.593072] raid6: sse2x1   xor() 87632 MB/s
[   11.594488] raid6: sse2x2   gen() 174232 MB/s
[   12.598792] raid6: sse2x2   xor() 117266 MB/s
[   13.675499] raid6: sse2x4   gen() 12300 MB/s
[   14.591947] raid6: sse2x4   xor() 105343 MB/s
[   14.597683] raid6: using algorithm sse2x2 gen() 174232 MB/s
[   14.604273] raid6: .... xor() 117266 MB/s, rmw enabled
[   14.610645] raid6: using ssse3x2 recovery algorithm
[   14.619158] xor: measuring software checksum speed
[   14.664279]    prefetch64-sse: 21079.000 MB/sec
[   14.712328]    generic_sse: 14166.000 MB/sec
[   14.718089] xor: using function: prefetch64-sse (21079.000 MB/sec)
[   14.727755] async_tx: api initialized (async)
[   14.811520] md: raid6 personality registered for level 6
[   14.818943] md: raid5 personality registered for level 5
[   14.825989] md: raid4 personality registered for level 4
[   14.864622] md: raid10 personality registered for level 10
done.
Begin: Running /scripts/init-premount ... done.
Begin: Mounting root file system ... Begin: Running /scripts/local-top ... done.
Begin: Running /scripts/local-premount ... [   14.975139] Btrfs loaded
Scanning for Btrfs filesystems
done.
Warning: fsck not present, so skipping root file system
[   15.077558] EXT4-fs (sda1): mounted filesystem with ordered data mode. Opts: (null)
done.
Begin: Running /scripts/local-bottom ... done.
Begin: Running /scripts/init-bottom ... done.
[   15.293646] systemd[1]: systemd 229 running in system mode. (+PAM +AUDIT +SELINUX +IMA +APPARMOR +SMACK +SYSVINIT +UTMP +LIBCRYPTSETUP +GCRYPT +GNUTLS +ACL +XZ -LZ4 +SECCOMP +BLKID +ELFUTILS +KMOD -IDN)
[   15.313118] systemd[1]: Detected virtualization oracle.
[   15.318994] systemd[1]: Detected architecture x86-64.

Welcome to [1mUbuntu 16.04.7 LTS[0m!

[   15.334967] systemd[1]: Set hostname to <webserver-01>.
[   15.403686] random: nonblocking pool is initialized
[   15.595282] systemd[1]: Listening on Journal Audit Socket.
[[0;32m  OK  [0m] Listening on Journal Audit Socket.
[   15.603974] systemd[1]: Created slice User and Session Slice.
[[0;32m  OK  [0m] Created slice User and Session Slice.
[   15.614025] systemd[1]: Listening on LVM2 poll daemon socket.
[[0;32m  OK  [0m] Listening on LVM2 poll daemon socket.
[   15.622314] systemd[1]: Listening on fsck to fsckd communication Socket.
[[0;32m  OK  [0m] Listening on fsck to fsckd communication Socket.
[   15.632461] systemd[1]: Listening on udev Control Socket.
[[0;32m  OK  [0m] Listening on udev Control Socket.
[   15.641740] systemd[1]: Listening on LVM2 metadata daemon socket.
[[0;32m  OK  [0m] Listening on LVM2 metadata daemon socket.
[   15.652516] systemd[1]: Listening on udev Kernel Socket.
[[0;32m  OK  [0m] Listening on udev Kernel Socket.
[   15.661306] systemd[1]: Listening on Syslog Socket.
[[0;32m  OK  [0m] Listening on Syslog Socket.
[   15.682277] systemd[1]: Listening on Device-mapper event daemon FIFOs.
[[0;32m  OK  [0m] Listening on Device-mapper event daemon FIFOs.
[   15.694013] systemd[1]: Listening on Journal Socket.
[[0;32m  OK  [0m] Listening on Journal Socket.
[   15.703391] systemd[1]: Reached target User and Group Name Lookups.
[[0;32m  OK  [0m] Reached target User and Group Name Lookups.
[   15.714761] systemd[1]: Listening on Journal Socket (/dev/log).
[[0;32m  OK  [0m] Listening on Journal Socket (/dev/log).
[   15.725143] systemd[1]: Reached target System Time Synchronized.
[[0;32m  OK  [0m] Reached target System Time Synchronized.
[   15.733917] systemd[1]: Reached target Encrypted Volumes.
[[0;32m  OK  [0m] Reached target Encrypted Volumes.
[   15.741949] systemd[1]: Started Trigger resolvconf update for networkd DNS.
[[0;32m  OK  [0m] Started Trigger resolvconf update for networkd DNS.
[   15.751083] systemd[1]: Created slice System Slice.
[[0;32m  OK  [0m] Created slice System Slice.
[   15.769386] systemd[1]: Starting Uncomplicated firewall...
         Starting Uncomplicated firewall...
[   15.803771] systemd[1]: Starting Load Kernel Modules...
         Starting Load Kernel Modules...
[   15.823758] systemd[1]: Reached target Slices.
[[0;32m  OK  [0m] Reached target Slices.
[   15.843681] Loading iSCSI transport class v2.0-870.
[   15.860766] systemd[1]: Mounting POSIX Message Queue File System...
[    5.868806] iscsi: registered transport (tcp)
         Mounting POSIX Message Queue File System...
[   15.879515] systemd[1]: Starting Create list of required static device nodes for the current kernel...
         Starting Create list of required st... nodes for the current kernel...
[   15.900168] systemd[1]: Mounting Debug File System...
         Mounting Debug File System...
[   15.910966] systemd[1]: Created slice system-serial\x2dgetty.slice.
[[0;32m  OK  [0m] Created slice system-serial\x2dgetty.slice.
[   15.927508] systemd[1]: Starting Monitoring of LVM2 mirrors, snapshots etc. using dmeventd or progress polling...
         Starting Monitoring of LVM2 mirrors... dmeventd or progress polling...
[   15.954037] systemd[1]: Starting Set console keymap...
         Starting Set console keymap...
[   15.967842] systemd[1]: Created slice system-systemd\x2dfsck.slice.
[[0;32m  OK  [0m] Created slice system-systemd\x2dfsck.slice.
[   16.005173] systemd[1]: Starting Journal Service...
         Starting Journal Service...
[   16.023796] systemd[1]: Starting File System Check on Root Device...
         Starting File System Check on Root Device...
[   16.041880] systemd[1]: Mounting Huge Pages File System...
         Mounting Huge Pages File System...
[   16.055703] systemd[1]: Reached target Swap.
[[0;32m  OK  [0m] Reached target Swap.
[   16.079878] systemd[1]: Set up automount Arbitrary Executable File Formats File System Automount Point.
[[0;32m  OK  [0m] Set up automount Arbitrary Executab...ats File System Automount Point.
[   16.108407] systemd[1]: Started Forward Password Requests to Wall Directory Watch.
[[0;32m  OK  [0m] Started Forward Password Requests to Wall Directory Watch.
[   16.143003] iscsi: registered transport (iser)
[   16.144322] systemd[1]: Starting Nameserver information manager...
         Starting Nameserver information manager...
[   16.161011] systemd[1]: Listening on /dev/initctl Compatibility Named Pipe.
[[0;32m  OK  [0m] Listening on /dev/initctl Compatibility Named Pipe.
[   16.174861] systemd[1]: Mounted Huge Pages File System.
[[0;32m  OK  [0m] Mounted Huge Pages File System.
[   16.185553] systemd[1]: Mounted POSIX Message Queue File System.
[[0;32m  OK  [0m] Mounted POSIX Message Queue File System.
[   16.195675] systemd[1]: Mounted Debug File System.
[[0;32m  OK  [0m] Mounted Debug File System.
[   16.203421] systemd[1]: Started Journal Service.
[[0;32m  OK  [0m] Started Journal Service.
[[0;32m  OK  [0m] Started Uncomplicated firewall.
[[0;32m  OK  [0m] Started Load Kernel Modules.
[[0;32m  OK  [0m] Started Create list of required sta...ce nodes for the current kernel.
[[0;32m  OK  [0m] Started Set console keymap.
[[0;32m  OK  [0m] Started File System Check on Root Device.
[[0;32m  OK  [0m] Started LVM2 metadata daemon.
[[0;32m  OK  [0m] Started File System Check Daemon to report status.
         Starting Remount Root and Kernel File Systems...
         Starting Create Static Device Nodes in /dev...
         Mounting FUSE Control F[   16.292066] EXT4-fs (sda1): re-mounted. Opts: (null)
ile System...
         Starting Apply Kernel Variables...
[[0;32m  OK  [0m] Mounted FUSE Control File System.
[[0;32m  OK  [0m] Started Nameserver information manager.
[[0;32m  OK  [0m] Started Remount Root and Kernel File Systems.
         Starting Load/Save Random Seed...
         Starting Flush Journal to Persistent Storage...
         Starting udev Coldplug all Devices...
[[0;32m  OK  [0m] Started Load/Save Random Seed.
[   16.357989] systemd-journald[394]: Received request to flush runtime journal from PID 1
[[0;32m  OK  [0m] Started Flush Journal to Persistent Storage.
[[0;32m  OK  [0m] Started Apply Kernel Variables.
[[0;32m  OK  [0m] Started Create Static Device Nodes in /dev.
         Starting udev Kernel Device Manager...
[[0;32m  OK  [0m] Started udev Coldplug all Devices.
[[0;32m  OK  [0m] Started udev Kernel Device Manager.
[[0;32m  OK  [0m] Started Dispatch Password Requests to Console Directory Watch.
[[0;32m  OK  [0m] Started Monitoring of LVM2 mirrors,...ng dmeventd or progress polling.
[[0;32m  OK  [0m] Reached target Local File Systems (Pre).
[[0;32m  OK  [0m] Found device /dev/ttyS0.
[[0;32m  OK  [0m] Listening on Load/Save RF Kill Switch Status /dev/rfkill Watch.
[[0;32m  OK  [0m] Found device 82540EM Gigabit Ethern...r (PRO/1000 MT Desktop Adapter).
[[0;32m  OK  [0m] Found device 82540EM Gigabit Ethern...r (PRO/1000 MT Desktop Adapter).
[[0;32m  OK  [0m] Found device HARDDISK 1.
         Starting File System Check on /dev/...2-0cc3-477a-90ff-a42401321bb1...
[[0;32m  OK  [0m] Started File System Check on /dev/d...7e2-0cc3-477a-90ff-a42401321bb1.
         Mounting /mnt/storage...
[[0;32m  OK  [0m] Mounted /mnt/storage.
[[0;32m  OK  [0m] Reached target Local File Systems.
         Starting Create Volatile Files and Directories...
         Starting Tell Plymouth To Write Out Runtime Data...
         Starting Set console font and keymap...
         Starting LSB: AppArmor initialization...
         Starting Initial cloud-init job (pre-networking)...
[[0;32m  OK  [0m] Started Create Volatile Files and Directories.
[[0;32m  OK  [0m] Started Tell Plymouth To Write Out Runtime Data.
         Starting Update UTMP about System Boot/Shutdown...
[[0;32m  OK  [0m] Started Update UTMP about System Boot/Shutdown.
[[0;32m  OK  [0m] Started LSB: AppArmor initialization.
         Starting Load AppArmor profiles managed internally by snapd...
[[0;32m  OK  [0m] Started Load AppArmor profiles managed internally by snapd.
[[0;32m  OK  [0m] Started Set console font and keymap.
[[0;32m  OK  [0m] Created slice system-getty.slice.
[   20.223621] cloud-init[693]: Cloud-init v. 21.1-19-gbad84ad4-0ubuntu1~16.04.2 running 'init-local' at Wed, 18 Sep 2024 19:06:57 +0000. Up 19.71 seconds.
[[0;32m  OK  [0m] Started Initial cloud-init job (pre-networking).
[[0;32m  OK  [0m] Reached target Network (Pre).
[[0;32m  OK  [0m] Started ifup for enp0s3.
         Starting Raise network interfaces...
[[0;32m  OK  [0m] Started ifup for enp0s8.
[[0;32m  OK  [0m] Started Raise network interfaces.
         Starting Initial cloud-init job (metadata service crawler)...
[[0;32m  OK  [0m] Reached target Network.
[   22.494478] cloud-init[1150]: Cloud-init v. 21.1-19-gbad84ad4-0ubuntu1~16.04.2 running 'init' at Wed, 18 Sep 2024 19:06:59 +0000. Up 22.12 seconds.
[   22.509220] cloud-init[1150]: ci-info: ++++++++++++++++++++++++++++++++++++++Net device info+++++++++++++++++++++++++++++++++++++++
[   22.522031] cloud-init[1150]: ci-info: +--------+------+-----------------------------+---------------+--------+-------------------+
[   22.536787] cloud-init[1150]: ci-info: | Device |  Up  |           Address           |      Mask     | Scope  |     Hw-Address    |[[0;32m  OK  [0m] Started Initial cloud-init job (metadata service crawler).
[[0;32m  OK  [0m] Reached target System Initialization.
[[0;32m  OK  [0m] Started Daily Cleanup of Temporary Directories.
[[0;32m  OK  [0m] Started Message of the Day.

[[0;32m  OK  [0m] Started ACPI Events Check.
[[0;32m  OK  [0m] Reached target Paths.
[[0;32m  OK  [0m] Started Daily apt download activities.
[   22.559280] cloud-init[1150]: ci-info: +--------+------+-----------------------------+---------------+--------+-------------------+
[   22.571804]          Starting LXD - unix socket.
[[0;32m  OK  [0m] Listening on ACPID Listen Socket.
[[0;32m  OK  [0m] Started Daily apt upgrade and clean activities.
[[0;32m  OK  [0m] Listening on D-Bus System Message Bus Socket.
[[0;32m  OK  [0m] Started Ubuntu Advantage update messaging.
[[0;32m  OK  [0m] Reached target Timers.
[[0;32m  OK  [0m] Listening on UUID daemon activation socket.
         Starting Socket activation for snappy daemon.
[[0;32m  OK  [0m] Reached target Network is Online.
cloud-init[1150]: ci-info: | enp0s3 | True |          10.0.2.15          | 255.255.255.0 | global | 02:be:82:6b:cc:1d |
[   22.592922] cloud-init[1150]: ci-info: | enp0s3 | True |  fe80::be:82ff:fe6b:cc1d/64 |       .       |  link  | 02:be:82:6b:cc:1d |
[   22.600485]          Starting iSCSI initiator daemon (iscsid)...
[[0;32m  OK  [0m] Reached target Cloud-config availability.
[[0;32m  OK  [0m] Listening on LXD - unix socket.
[[0;32m  OK  [0m] Listening on Socket activation for snappy daemon.
[[0;32m  OK  [0m] Reached target Sockets.
[[0;32m  OK  [0m] Reached target Basic System.
cloud-init[1150]:          Starting A high performance web server and a reverse proxy server...
[[0;32m  OK  [0m] Started ACPI event daemon.
         Starting LSB: MD monitoring daemon...
[[0;32m  OK  [0m] Started D-Bus System Message Bus.
ci-info: | enp0s8 | True |        192.168.0.102        | 255.255.255.0 | global | 08:00:27:17:7b:23 |
[   22.636896] cloud-init[1150]: ci-info: | enp0s8 | True | fe80::a00:27ff:fe17:7b23/64 |       .       |  link  | 08:00:27:17:7b:23 |
[   22.654301] cloud-init[1150]: ci-info: |   lo   | True |          127.0.0.1          |   255.0.0.0   |  host  |         .         |
[   22.670313] cloud-init[1150]: ci-info: |   lo   | True |           ::1/128           |       .       |  host  |         .         |
[   22.682873] cloud-init[1150]: ci-info: +--------+------+-----------------------------+---------------+--------+-------------------+
[   22.692643] cloud-init[1150]: ci-info: +++++++++++++++++++++++++++Route IPv4 info++++++++++++++++++++++++++++         Starting Virtualbox guest utils...

         Starting OpenBSD Secure Shell server...
         Starting /etc/rc.local Compatibility...
         Starting System Logging Service...
[[0;32m  OK  [0m] Started FUSE filesystem for LXC.
         Starting LSB: Record successful boot for GRUB...
         Starting Accounts Service...
         Starting Snap Daemon...
         Starting Login Service...
[[0;32m  OK  [0m] Started Regular background program processing daemon.
[[0;32m  OK  [0m] Started Deferred execution scheduler.
         Starting LXD - container startup/shutdown...
[   22.775900] [[0;32m  OK  [0m] Started /etc/rc.local Compatibility.
[[0;32m  OK  [0m] Started iSCSI initiator daemon (iscsid).
cloud-init[1150]: ci-info: +-------+-------------+----------+---------------+-----------+-------+         Starting Login to default iSCSI targets...

[   22.858667] cloud-init[1150]: ci-info: | Route | Destination | Gateway  |    Genmask    | Interface | Flags |[[0;32m  OK  [0m] Started Login Service.
[[0;32m  OK  [0m] Started Unattended Upgrades Shutdown.
         Starting Authenticate and Authorize Users to Run Privileged Tasks...

[[0;32m  OK  [0m] Started LSB: MD monitoring daemon.
[[0;32m  OK  [0m] Started System Logging Service.
[   22.904508] cloud-init[1150]: ci-info: +-------+-------------+----------+---------------+-----------+-------+
[[0;32m  OK  [0m] Started Login to default iSCSI targets.
[[0;32m  OK  [0m] Reached target Remote File Systems (Pre).
         Mounting /vagrant_data...
         Mounting /vagrant...
[[0;32m  OK  [0m] Started OpenBSD Secure Shell server.
[[0;32m  OK  [0m] Started LSB: Record successful boot for GRUB.
[[0;1;31mFAILED[0m] Failed to mount /vagrant_data.
See 'systemctl status vagrant_data.mount' for details.
[[0;1;33mDEPEND[0m] Dependency failed for Remote File Systems.
[[0;32m  OK  [0m] Started Authenticate and Authorize Users to Run Privileged Tasks.
[[0;32m  OK  [0m] Started Accounts Service.
[   23.020809] cloud-init[1150]: ci-info: |   0   |   0.0.0.0   | 10.0.2.2 |    0.0.0.0    |   enp0s3  |   UG  |
         Starting Permit User Sessions...
         Starting LSB: automatic crash report generation...
         Starting LSB: daemon to balance interrupts for SMP systems...
         Starting LSB: Set the CPU Frequency Scaling governor to "ondemand"...
[[0;1;31mFAILED[0m] Failed to mount /vagrant.
See 'systemctl status vagrant.mount' for details.
[   23.099298] cloud-init[1150]: ci-info: |   1   |   10.0.2.0  | 0.0.0.0  | 255.255.255.0 |   enp0s3  |   U   |
[   23.133280] cloud-init[1150]: ci-info: |   2   | 192.168.0.0 | 0.0.0.0  | 255.255.255.0 |   enp0s8  |   U   |
[   23.160638] cloud-init[1150]: ci-info: +-------+-------------+----------+---------------+-----------+-------+
[[0;32m  OK  [0m] Started LSB: Set the CPU Frequency Scaling governor to "ondemand".
[[0;32m  OK  [0m] Started A high performance web server and a reverse proxy server.
[[0;32m  OK  [0m] Started Permit User Sessions.
[   23.172900] cloud-init[1150]: ci-info: +++++++++++++++++++Route IPv6 info+++++++++++++++++++
[   23.204866] cloud-init[1150]: ci-info: +-------+-------------+---------+-----------+-------+
         Starting Hold until boot process finishes up...
         Starting Terminate Plymouth Boot Screen...
[[0;32m  OK  [0m] Started Hold until boot process finishes up.
[[0;32m  OK  [0m] Started Terminate Plymouth Boot Screen.
[   23.229864] cloud-init[[0;32m  OK  [0m] Started LXD - container startup/shutdown.
[1150]: [[0;32m  OK  [0m] Started Getty on tty1.
         Starting Set console scheme...
[[0;32m  OK  [0m] Started Serial Getty on ttyS0.
[[0;32m  OK  [0m] Reached target Login Prompts.
ci-info: | Route | Destination | Gateway | Interface | Flags |
[   23.306158] cloud-init[1150]: ci-info: +-------+-------------+---------+-----------+-------+
[[0;32m  OK  [0m] Started LSB: daemon to balance interrupts for SMP systems.
[   23.326748] cloud-init[1150]: ci-info: |   0   |  fe80::/64  |    ::   |   enp0s8  |   U   |
[[0;32m  OK  [0m] Started Set console scheme.
[[0;32m  OK  [0m] Started LSB: automatic crash report generation.
[   23.339669] cloud-init[1150]: ci-info: |   1   |  fe80::/64  |    ::   |   enp0s3  |   U   |
[   23.366836] cloud-init[1150]: ci-info: |   4   |   ff00::/8  |    ::   |   enp0s8  |   U   |
[   23.384878] cloud-init[1150]: ci-info: |   5   |   ff00::/8  |    ::   |   enp0s3  |   U   |
[   23.403477] cloud-init[1150]: ci-info: +-------+-------------+---------+-----------+-------+
[[0;32m  OK  [0m] Started Virtualbox guest utils.
[[0;32m  OK  [0m] Started Snap Daemon.
         Starting Wait until snapd is fully seeded...
[[0;32m  OK  [0m] Started Wait until snapd is fully seeded.
         Starting Apply the settings specified in cloud-config...
[[0;32m  OK  [0m] Reached target Multi-User System.
[[0;32m  OK  [0m] Reached target Graphical Interface.
         Starting Update UTMP about System Runlevel Changes...
[[0;32m  OK  [0m] Started Update UTMP about System Runlevel Changes.
[[0;32m  OK  [0m] Created slice User Slice of vagrant.
         Starting User Manager for UID 1000...
[[0;32m  OK  [0m] Started Session 1 of user vagrant.
[[0;32m  OK  [0m] Started User Manager for UID 1000.
[   24.618506] cloud-init[1431]: Cloud-init v. 21.1-19-gbad84ad4-0ubuntu1~16.04.2 running 'modules:config' at Wed, 18 Sep 2024 19:07:02 +0000. Up 24.48 seconds.
[[0;32m  OK  [0m] Started Apply the settings specified in cloud-config.
         Starting Execute cloud user/final scripts...
[   25.120248] cloud-init[1532]: Cloud-init v. 21.1-19-gbad84ad4-0ubuntu1~16.04.2 running 'modules:final' at Wed, 18 Sep 2024 19:07:02 +0000. Up 24.99 seconds.
[   25.131868] cloud-init[1532]: Cloud-init v. 21.1-19-gbad84ad4-0ubuntu1~16.04.2 finished at Wed, 18 Sep 2024 19:07:02 +0000. Datasource DataSourceNoCloud [seed=/dev/sdb][dsmode=net].  Up 25.11 seconds
[[0;32m  OK  [0m] Started Execute cloud user/final scripts.
[[0;32m  OK  [0m] Reached target Cloud-init target.

Ubuntu 16.04.7 LTS webserver-01 ttyS0

webserver-01 login: [[0;32m  OK  [0m] Stopped target Cloud-init target.
[[0;32m  OK  [0m] Stopped target Timers.
         Stopping Session 3 of user vagrant.
[[0;32m  OK  [0m] Stopped Daily apt upgrade and clean activities.
[[0;32m  OK  [0m] Closed Load/Save RF Kill Switch Status /dev/rfkill Watch.
[[0;32m  OK  [0m] Stopped Daily apt download activities.
         Unmounting /vagrant_data...
[[0;32m  OK  [0m] Stopped Execute cloud user/final scripts.
[[0;32m  OK  [0m] Stopped Apply the settings specified in cloud-config.
[[0;32m  OK  [0m] Stopped target Cloud-config availability.
[[0;32m  OK  [0m] Stopped Message of the Day.
         Stopping Authenticate and Authorize Users to Run Privileged Tasks...
[[0;32m  OK  [0m] Stopped Ubuntu Advantage update messaging.
[[0;32m  OK  [0m] Stopped target System Time Synchronized.
[[0;32m  OK  [0m] Stopped Daily Cleanup of Temporary Directories.
         Stopping Session 1 of user vagrant.
[[0;32m  OK  [0m] Stopped target Graphical Interface.
[[0;32m  OK  [0m] Stopped target Multi-User System.
         Stopping LXD - container startup/shutdown...
         Stopping D-Bus System Message Bus...
         Stopping Deferred execution scheduler...
         Stopping Virtualbox guest utils...
[[0;32m  OK  [0m] Stopped Wait until snapd is fully seeded.
         Stopping FUSE filesystem for LXC...
         Stopping A high performance web server and a reverse proxy server...
         Stopping System Logging Service...
         Stopping OpenBSD Secure Shell server...
         Stopping Regular background program processing daemon...
[[0;32m  OK  [0m] Stopped target Login Prompts.
         Stopping Getty on tty1...
         Stopping LSB: daemon to balance interrupts for SMP systems...
         Stopping LSB: automatic crash report generation...
         Stopping Accounts Service...
         Stopping LSB: Set the CPU Frequency Scaling governor to "ondemand"...
         Stopping LSB: MD monitoring daemon...
         Stopping LSB: Record successful boot for GRUB...
         Stopping User Manager for UID 1000...
         Unmounting /vagrant...
         Stopping Serial Getty on ttyS0...
         Stopping ACPI event daemon...
[[0;32m  OK  [0m] Unmounted /var/lib/lxcfs.
[[0;32m  OK  [0m] Stopped System Logging Service.
[[0;32m  OK  [0m] Stopped Accounts Service.
[[0;32m  OK  [0m] Stopped Regular background program processing daemon.
[[0;32m  OK  [0m] Stopped Deferred execution scheduler.
[[0;32m  OK  [0m] Stopped Authenticate and Authorize Users to Run Privileged Tasks.
[[0;32m  OK  [0m] Stopped OpenBSD Secure Shell server.
[[0;32m  OK  [0m] Stopped ACPI event daemon.
[[0;32m  OK  [0m] Stopped Getty on tty1.
[[0;32m  OK  [0m] Stopped Serial Getty on ttyS0.
[[0;32m  OK  [0m] Stopped User Manager for UID 1000.
[[0;32m  OK  [0m] Stopped Session 1 of user vagrant.
[[0;32m  OK  [0m] Stopped Session 3 of user vagrant.
[[0;32m  OK  [0m] Unmounted /vagrant_data.
[[0;32m  OK  [0m] Stopped D-Bus System Message Bus.
[[0;32m  OK  [0m] Stopped A high performance web server and a reverse proxy server.
[[0;32m  OK  [0m] Stopped FUSE filesystem for LXC.
[[0;1;31mFAILED[0m] Failed unmounting /vagrant.
[[0;32m  OK  [0m] Stopped LXD - container startup/shutdown.
[[0;32m  OK  [0m] Stopped LSB: Set the CPU Frequency Scaling governor to "ondemand".
[[0;32m  OK  [0m] Stopped LSB: MD monitoring daemon.
[[0;32m  OK  [0m] Stopped Virtualbox guest utils.
[[0;32m  OK  [0m] Stopped target Remote File Systems (Pre).
         Stopping Login to default iSCSI targets...
[[0;32m  OK  [0m] Removed slice User Slice of vagrant.
         Stopping Login Service...
[[0;32m  OK  [0m] Removed slice system-serial\x2dgetty.slice.
         Stopping Permit User Sessions...
[[0;32m  OK  [0m] Removed slice system-getty.slice.
[[0;32m  OK  [0m] Stopped /etc/rc.local Compatibility.
[[0;32m  OK  [0m] Stopped LSB: daemon to balance interrupts for SMP systems.
[[0;32m  OK  [0m] Stopped LSB: automatic crash report generation.
[[0;32m  OK  [0m] Stopped LSB: Record successful boot for GRUB.
[[0;32m  OK  [0m] Stopped Login Service.
[[0;32m  OK  [0m] Stopped Permit User Sessions.
[[0;32m  OK  [0m] Stopped target User and Group Name Lookups.
[[0;32m  OK  [0m] Stopped target Basic System.
[[0;32m  OK  [0m] Stopped target Sockets.
[[0;32m  OK  [0m] Closed Syslog Socket.
[[0;32m  OK  [0m] Closed ACPID Listen Socket.
[[0;32m  OK  [0m] Closed Socket activation for snappy daemon.
[[0;32m  OK  [0m] Closed UUID daemon activation socket.
[[0;32m  OK  [0m] Closed LXD - unix socket.
[[0;32m  OK  [0m] Closed D-Bus System Message Bus Socket.
[[0;32m  OK  [0m] Stopped target Slices.
[[0;32m  OK  [0m] Removed slice User and Session Slice.
[[0;32m  OK  [0m] Stopped target Paths.
[[0;32m  OK  [0m] Stopped ACPI Events Check.
[[0;32m  OK  [0m] Stopped Dispatch Password Requests to Console Directory Watch.
[[0;32m  OK  [0m] Stopped Forward Password Requests to Wall Directory Watch.
[[0;32m  OK  [0m] Stopped target System Initialization.
[[0;32m  OK  [0m] Stopped target Encrypted Volumes.
         Stopping Load/Save Random Seed...
[[0;32m  OK  [0m] Stopped target Swap.
         Stopping Update UTMP about System Boot/Shutdown...
[[0;32m  OK  [0m] Stopped Load/Save Random Seed.
[[0;32m  OK  [0m] Stopped Update UTMP about System Boot/Shutdown.
[[0;32m  OK  [0m] Stopped Login to default iSCSI targets.
         Stopping iSCSI initiator daemon (iscsid)...
[[0;32m  OK  [0m] Stopped Create Volatile Files and Directories.
[[0;32m  OK  [0m] Stopped iSCSI initiator daemon (iscsid).
[[0;32m  OK  [0m] Stopped target Network is Online.
[[0;32m  OK  [0m] Stopped Initial cloud-init job (metadata service crawler).
[[0;32m  OK  [0m] Stopped target Network.
         Stopping Raise network interfaces...
[[0;32m  OK  [0m] Stopped Raise network interfaces.
[[0;32m  OK  [0m] Stopped target Local File Systems.
         Unmounting /run/user/1000...
         Unmounting /mnt/storage...
[[0;32m  OK  [0m] Stopped target Network (Pre).
[[0;32m  OK  [0m] Stopped Initial cloud-init job (pre-networking).
[[0;32m  OK  [0m] Stopped Apply Kernel Variables.
[[0;32m  OK  [0m] Stopped Load Kernel Modules.
[[0;32m  OK  [0m] Unmounted /run/user/1000.
[[0;32m  OK  [0m] Unmounted /mnt/storage.
[[0;32m  OK  [0m] Stopped File System Check on /dev/d...7e2-0cc3-477a-90ff-a42401321bb1.
[[0;32m  OK  [0m] Removed slice system-systemd\x2dfsck.slice.
[[0;32m  OK  [0m] Reached target Unmount All Filesystems.
[[0;32m  OK  [0m] Stopped target Local File Systems (Pre).
[[0;32m  OK  [0m] Stopped Remount Root and Kernel File Systems.
[[0;32m  OK  [0m] Stopped Create Static Device Nodes in /dev.
[[0;32m  OK  [0m] Reached target Shutdown.
[  271.149688] reboot: Power down
