[    0.000000] Initializing cgroup subsys cpuset
[    0.000000] Initializing cgroup subsys cpu
[    0.000000] Initializing cgroup subsys cpuacct
[    0.000000] Linux version 4.4.0-210-generic (buildd@lgw01-amd64-009) (gcc version 5.4.0 20160609 (Ubuntu 5.4.0-6ubuntu1~16.04.12) ) #242-Ubuntu SMP Fri Apr 16 09:57:56 UTC 2021 (Ubuntu 4.4.0-210.242-generic 4.4.262)
[    0.000000] Command line: BOOT_IMAGE=/boot/vmlinuz-4.4.0-210-generic root=LABEL=cloudimg-rootfs ro console=tty1 console=ttyS0
[    0.000000] KERNEL supported cpus:
[    0.000000]   Intel GenuineIntel
[    0.000000]   AMD AuthenticAMD
[    0.000000]   Centaur CentaurHauls
[    0.000000] x86/fpu: Legacy x87 FPU detected.
[    0.000000] e820: BIOS-provided physical RAM map:
[    0.000000] BIOS-e820: [mem 0x0000000000000000-0x000000000009fbff] usable
[    0.000000] BIOS-e820: [mem 0x000000000009fc00-0x000000000009ffff] reserved
[    0.000000] BIOS-e820: [mem 0x00000000000f0000-0x00000000000fffff] reserved
[    0.000000] BIOS-e820: [mem 0x0000000000100000-0x000000007ffeffff] usable
[    0.000000] BIOS-e820: [mem 0x000000007fff0000-0x000000007fffffff] ACPI data
[    0.000000] BIOS-e820: [mem 0x00000000fec00000-0x00000000fec00fff] reserved
[    0.000000] BIOS-e820: [mem 0x00000000fee00000-0x00000000fee00fff] reserved
[    0.000000] BIOS-e820: [mem 0x00000000fffc0000-0x00000000ffffffff] reserved
[    0.000000] NX (Execute Disable) protection: active
[    0.000000] SMBIOS 2.5 present.
[    0.000000] Hypervisor detected: KVM
[    0.000000] Kernel/User page tables isolation: disabled
[    0.000000] e820: last_pfn = 0x7fff0 max_arch_pfn = 0x400000000
[    0.000000] MTRR: Disabled
[    0.000000] x86/PAT: MTRRs disabled, skipping PAT initialization too.
[    0.000000] CPU MTRRs all blank - virtualized system.
[    0.000000] x86/PAT: Configuration [0-7]: WB  WT  UC- UC  WB  WT  UC- UC  
[    0.000000] found SMP MP-table at [mem 0x0009fff0-0x0009ffff] mapped at [ffff88000009fff0]
[    0.000000] Scanning 1 areas for low memory corruption
[    0.000000] RAMDISK: [mem 0x362dc000-0x37165fff]
[    0.000000] ACPI: Early table checksum verification disabled
[    0.000000] ACPI: RSDP 0x00000000000E0000 000024 (v02 VBOX  )
[    0.000000] ACPI: XSDT 0x000000007FFF0030 00003C (v01 VBOX   VBOXXSDT 00000001 ASL  00000061)
[    0.000000] ACPI: FACP 0x000000007FFF00F0 0000F4 (v04 VBOX   VBOXFACP 00000001 ASL  00000061)
[    0.000000] ACPI: DSDT 0x000000007FFF0610 002353 (v02 VBOX   VBOXBIOS 00000002 INTL 20100528)
[    0.000000] ACPI: FACS 0x000000007FFF0200 000040
[    0.000000] ACPI: FACS 0x000000007FFF0200 000040
[    0.000000] ACPI: APIC 0x000000007FFF0240 00005C (v02 VBOX   VBOXAPIC 00000001 ASL  00000061)
[    0.000000] ACPI: SSDT 0x000000007FFF02A0 00036C (v01 VBOX   VBOXCPUT 00000002 INTL 20100528)
[    0.000000] No NUMA configuration found
[    0.000000] Faking a node at [mem 0x0000000000000000-0x000000007ffeffff]
[    0.000000] NODE_DATA(0) allocated [mem 0x7ffeb000-0x7ffeffff]
[    0.000000] kvm-clock: Using msrs 4b564d01 and 4b564d00
[    0.000000] kvm-clock: cpu 0, msr 0:7ffe3001, primary cpu clock
[    0.000000] kvm-clock: using sched offset of 5062974908 cycles
[    0.000000] clocksource: kvm-clock: mask: 0xffffffffffffffff max_cycles: 0x1cd42e4dffb, max_idle_ns: 881590591483 ns
[    0.000000] Zone ranges:
[    0.000000]   DMA      [mem 0x0000000000001000-0x0000000000ffffff]
[    0.000000]   DMA32    [mem 0x0000000001000000-0x000000007ffeffff]
[    0.000000]   Normal   empty
[    0.000000]   Device   empty
[    0.000000] Movable zone start for each node
[    0.000000] Early memory node ranges
[    0.000000]   node   0: [mem 0x0000000000001000-0x000000000009efff]
[    0.000000]   node   0: [mem 0x0000000000100000-0x000000007ffeffff]
[    0.000000] Initmem setup node 0 [mem 0x0000000000001000-0x000000007ffeffff]
[    0.000000] ACPI: PM-Timer IO Port: 0x4008
[    0.000000] IOAPIC[0]: apic_id 2, version 32, address 0xfec00000, GSI 0-23
[    0.000000] ACPI: INT_SRC_OVR (bus 0 bus_irq 0 global_irq 2 dfl dfl)
[    0.000000] ACPI: INT_SRC_OVR (bus 0 bus_irq 9 global_irq 9 low level)
[    0.000000] Using ACPI (MADT) for SMP configuration information
[    0.000000] smpboot: Allowing 2 CPUs, 0 hotplug CPUs
[    0.000000] PM: Registered nosave memory: [mem 0x00000000-0x00000fff]
[    0.000000] PM: Registered nosave memory: [mem 0x0009f000-0x0009ffff]
[    0.000000] PM: Registered nosave memory: [mem 0x000a0000-0x000effff]
[    0.000000] PM: Registered nosave memory: [mem 0x000f0000-0x000fffff]
[    0.000000] e820: [mem 0x80000000-0xfebfffff] available for PCI devices
[    0.000000] Booting paravirtualized kernel on KVM
[    0.000000] clocksource: refined-jiffies: mask: 0xffffffff max_cycles: 0xffffffff, max_idle_ns: 7645519600211568 ns
[    0.000000] setup_percpu: NR_CPUS:512 nr_cpumask_bits:512 nr_cpu_ids:2 nr_node_ids:1
[    0.000000] PERCPU: Embedded 33 pages/cpu @ffff88007fc00000 s95192 r8192 d31784 u1048576
[    0.000000] Built 1 zonelists in Node order, mobility grouping on.  Total pages: 515960
[    0.000000] Policy zone: DMA32
[    0.000000] Kernel command line: BOOT_IMAGE=/boot/vmlinuz-4.4.0-210-generic root=LABEL=cloudimg-rootfs ro console=tty1 console=ttyS0
[    0.000000] PID hash table entries: 4096 (order: 3, 32768 bytes)
[    0.000000] Memory: 2029984K/2096696K available (8644K kernel code, 1332K rwdata, 4044K rodata, 1492K init, 1164K bss, 66712K reserved, 0K cma-reserved)
[    0.000000] SLUB: HWalign=64, Order=0-3, MinObjects=0, CPUs=2, Nodes=1
[    0.000000] Hierarchical RCU implementation.
[    0.000000] 	Build-time adjustment of leaf fanout to 64.
[    0.000000] 	RCU restricting CPUs from NR_CPUS=512 to nr_cpu_ids=2.
[    0.000000] RCU: Adjusting geometry for rcu_fanout_leaf=64, nr_cpu_ids=2
[    0.000000] NR_IRQS:33024 nr_irqs:440 16
[    0.000000] Console: colour VGA+ 80x25
[    0.000000] console [tty1] enabled
[    0.000000] console [ttyS0] enabled
[    0.000000] tsc: Detected 1992.006 MHz processor
[    1.432068] Calibrating delay loop (skipped) preset value.. 3984.01 BogoMIPS (lpj=7968024)
[    1.465186] pid_max: default: 32768 minimum: 301
[    1.488016] ACPI: Core revision 20150930
[    1.507926] ACPI: 2 ACPI AML tables successfully acquired and loaded
[    1.535999] Security Framework initialized
[    1.551865] Yama: becoming mindful.
[    1.564361] AppArmor: AppArmor initialized
[    1.581696] Dentry cache hash table entries: 262144 (order: 9, 2097152 bytes)
[    1.635214] Inode-cache hash table entries: 131072 (order: 8, 1048576 bytes)
[    1.671405] Mount-cache hash table entries: 4096 (order: 3, 32768 bytes)
[    1.701852] Mountpoint-cache hash table entries: 4096 (order: 3, 32768 bytes)
[    1.735602] Initializing cgroup subsys io
[    1.753661] Initializing cgroup subsys memory
[    1.766589] Initializing cgroup subsys devices
[    1.780620] Initializing cgroup subsys freezer
[    1.798186] Initializing cgroup subsys net_cls
[    1.816555] Initializing cgroup subsys perf_event
[    1.831703] Initializing cgroup subsys net_prio
[    1.845834] Initializing cgroup subsys hugetlb
[    1.862387] Initializing cgroup subsys pids
[    1.907976] mce: CPU supports 0 MCE banks
[    1.922090] Last level iTLB entries: 4KB 64, 2MB 8, 4MB 8
[    1.941509] Last level dTLB entries: 4KB 64, 2MB 0, 4MB 0, 1GB 4
[    1.965032] Spectre V1 : Mitigation: usercopy/swapgs barriers and __user pointer sanitization
[    2.002524] Spectre V2 : Mitigation: Enhanced IBRS
[    2.025572] Spectre V2 : Spectre v2 / SpectreRSB mitigation: Filling RSB on context switch
[    2.057696] Speculative Store Bypass: Vulnerable
[    2.075942] SRBDS: Mitigation: TSX disabled
[    2.243668] Freeing SMP alternatives memory: 36K
[    2.573865] ftrace: allocating 32380 entries in 127 pages
[    4.591352] smpboot: APIC(0) Converting physical 0 to logical package 0
[    4.620709] smpboot: Max logical packages: 1
[    4.676375] ..TIMER: vector=0x30 apic1=0 pin1=2 apic2=-1 pin2=-1
[    4.796845] APIC calibration not consistent with PM-Timer: 101ms instead of 100ms
[    4.812091] APIC delta adjusted to PM-Timer: 6279129 (6351208)
[    4.826691] smpboot: CPU0: Intel(R) Core(TM) i7-8565U CPU @ 1.80GHz (family: 0x6, model: 0x8e, stepping: 0xc)
[    4.856035] Performance Events: unsupported p6 CPU model 142 no PMU driver, software events only.
[    5.177964] KVM setup paravirtual spinlock
[    5.192632] x86: Booting SMP configuration:
[    5.202623] .... node  #0, CPUs:      #1
[    5.217491] kvm-clock: cpu 1, msr 0:7ffe3041, secondary cpu clock
[    5.267493] mce: CPU supports 0 MCE banks
[    5.277501] TSC synchronization [CPU#0 -> CPU#1]:
[    5.289011] Measured 164587 cycles TSC warp between CPUs, turning off TSC clock.
[    5.301007] tsc: Marking TSC unstable due to check_tsc_sync_source failed
[    1.257697] x86: Booted up 1 node, 2 CPUs
[    1.260006] smpboot: Total of 2 processors activated (7968.02 BogoMIPS)
[    1.280147] devtmpfs: initialized
[    1.290627] evm: security.selinux
[    1.292007] evm: security.SMACK64
[    1.296005] evm: security.SMACK64EXEC
[    1.300006] evm: security.SMACK64TRANSMUTE
[    1.304006] evm: security.SMACK64MMAP
[    1.308005] evm: security.ima
[    1.312006] evm: security.capability
[    1.320108] clocksource: jiffies: mask: 0xffffffff max_cycles: 0xffffffff, max_idle_ns: 7645041785100000 ns
[    1.324022] futex hash table entries: 512 (order: 3, 32768 bytes)
[    1.332399] pinctrl core: initialized pinctrl subsystem
[    1.340515] RTC time: 21:12:31, date: 09/23/24
[    1.348653] NET: Registered protocol family 16
[    1.364033] cpuidle: using governor ladder
[    1.380033] cpuidle: using governor menu
[    1.384019] PCCT header not found.
[    1.388244] ACPI: bus type PCI registered
[    1.392010] acpiphp: ACPI Hot Plug PCI Controller Driver version: 0.5
[    1.400816] PCI: Using configuration type 1 for base access
[    1.440550] ACPI: Added _OSI(Module Device)
[    1.444006] ACPI: Added _OSI(Processor Device)
[    1.448002] ACPI: Added _OSI(3.0 _SCP Extensions)
[    1.452006] ACPI: Added _OSI(Processor Aggregator Device)
[    1.460547] ACPI: Executed 1 blocks of module-level executable AML code
[    1.481098] ACPI: Interpreter enabled
[    1.484029] ACPI: (supports S0 S5)
[    1.488006] ACPI: Using IOAPIC for interrupt routing
[    1.496505] PCI: Using host bridge windows from ACPI; if necessary, use "pci=nocrs" and report a bug
[    1.518658] ACPI: PCI Root Bridge [PCI0] (domain 0000 [bus 00-ff])
[    1.520015] acpi PNP0A03:00: _OSC: OS supports [ASPM ClockPM Segments MSI]
[    1.529025] acpi PNP0A03:00: _OSC: not requesting OS control; OS requires [ExtendedConfig ASPM ClockPM MSI]
[    1.532020] acpi PNP0A03:00: fail to add MMCONFIG information, can't access extended PCI configuration space under this bridge.
[    1.540322] PCI host bridge to bus 0000:00
[    1.544009] pci_bus 0000:00: root bus resource [io  0x0000-0x0cf7 window]
[    1.548011] pci_bus 0000:00: root bus resource [io  0x0d00-0xffff window]
[    1.552008] pci_bus 0000:00: root bus resource [mem 0x000a0000-0x000bffff window]
[    1.556009] pci_bus 0000:00: root bus resource [mem 0x80000000-0xfdffffff window]
[    1.560011] pci_bus 0000:00: root bus resource [bus 00-ff]
[    1.580000] pci 0000:00:01.1: legacy IDE quirk: reg 0x10: [io  0x01f0-0x01f7]
[    1.580007] pci 0000:00:01.1: legacy IDE quirk: reg 0x14: [io  0x03f6]
[    1.584008] pci 0000:00:01.1: legacy IDE quirk: reg 0x18: [io  0x0170-0x0177]
[    1.588009] pci 0000:00:01.1: legacy IDE quirk: reg 0x1c: [io  0x0376]
[    1.648319] pci 0000:00:07.0: quirk: [io  0x4000-0x403f] claimed by PIIX4 ACPI
[    1.652095] pci 0000:00:07.0: quirk: [io  0x4100-0x410f] claimed by PIIX4 SMB
[    1.687512] ACPI: PCI Interrupt Link [LNKA] (IRQs 5 9 10 *11)
[    1.700964] ACPI: PCI Interrupt Link [LNKB] (IRQs 5 9 *10 11)
[    1.713800] ACPI: PCI Interrupt Link [LNKC] (IRQs 5 *9 10 11)
[    1.724438] ACPI: PCI Interrupt Link [LNKD] (IRQs 5 9 10 *11)
[    1.738959] ACPI: Enabled 2 GPEs in block 00 to 07
[    1.740641] vgaarb: setting as boot device: PCI:0000:00:02.0
[    1.744000] vgaarb: device added: PCI:0000:00:02.0,decodes=io+mem,owns=io+mem,locks=none
[    1.744011] vgaarb: loaded
[    1.748006] vgaarb: bridge control possible 0000:00:02.0
[    1.756364] SCSI subsystem initialized
[    1.760416] ACPI: bus type USB registered
[    1.764121] usbcore: registered new interface driver usbfs
[    1.768121] usbcore: registered new interface driver hub
[    1.772098] usbcore: registered new device driver usb
[    1.784056] PCI: Using ACPI for IRQ routing
[    1.793018] NetLabel: Initializing
[    1.796006] NetLabel:  domain hash size = 128
[    1.800004] NetLabel:  protocols = UNLABELED CIPSOv4
[    1.804035] NetLabel:  unlabeled traffic allowed by default
[    1.812131] amd_nb: Cannot enumerate AMD northbridges
[    1.816460] clocksource: Switched to clocksource kvm-clock
[    1.837890] AppArmor: AppArmor Filesystem Enabled
[    1.837890] pnp: PnP ACPI init
[    1.837890] pnp: PnP ACPI: found 3 devices
[    2.042318] clocksource: acpi_pm: mask: 0xffffff max_cycles: 0xffffff, max_idle_ns: 2085701024 ns
[    2.044283] NET: Registered protocol family 2
[    2.075584] TCP established hash table entries: 16384 (order: 5, 131072 bytes)
[    2.077145] TCP bind hash table entries: 16384 (order: 6, 262144 bytes)
[    2.077145] TCP: Hash tables configured (established 16384 bind 16384)
[    2.077145] UDP hash table entries: 1024 (order: 3, 32768 bytes)
[    2.077145] UDP-Lite hash table entries: 1024 (order: 3, 32768 bytes)
[    2.077145] NET: Registered protocol family 1
[    2.077145] pci 0000:00:00.0: Limiting direct PCI/PCI transfers
[    2.077145] pci 0000:00:01.0: Activating ISA DMA hang workarounds
[    2.194469] Unpacking initramfs...
[    3.107078] Freeing initrd memory: 14888K
[    3.117416] clocksource: tsc: mask: 0xffffffffffffffff max_cycles: 0x396d5dac02a, max_idle_ns: 881590811122 ns
[    3.120942] platform rtc_cmos: registered platform RTC device (no PNP device found)
[    3.120942] Scanning for low memory corruption every 60 seconds
[    3.170196] audit: initializing netlink subsys (disabled)
[    3.184425] audit: type=2000 audit(1727125956.339:1): initialized
[    3.201232] Initialise system trusted keyring
[    3.214701] HugeTLB registered 2 MB page size, pre-allocated 0 pages
[    3.231947] zbud: loaded
[    3.243465] VFS: Disk quotas dquot_6.6.0
[    3.252226] VFS: Dquot-cache hash table entries: 512 (order 0, 4096 bytes)
[    3.256107] squashfs: version 4.0 (2009/01/31) Phillip Lougher
[    3.282956] fuse init (API version 7.23)
[    3.293619] Key type big_key registered
[    3.297156] Allocating IMA MOK and blacklist keyrings.
[    3.347215] Key type asymmetric registered
[    3.358990] Asymmetric key parser 'x509' registered
[    3.372841] Block layer SCSI generic (bsg) driver version 0.4 loaded (major 249)
[    3.392666] io scheduler noop registered
[    3.402791] io scheduler deadline registered (default)
[    3.415934] io scheduler cfq registered
[    3.419693] pci_hotplug: PCI Hot Plug PCI Core version: 0.5
[    3.419693] pciehp: PCI Express Hot Plug Controller Driver version: 0.4
[    3.419693] ACPI: AC Adapter [AC] (off-line)
[    3.419693] input: Power Button as /devices/LNXSYSTM:00/LNXPWRBN:00/input/input0
[    3.419693] ACPI: Power Button [PWRF]
[    3.419693] input: Sleep Button as /devices/LNXSYSTM:00/LNXSLPBN:00/input/input1
[    3.419693] ACPI: Sleep Button [SLPF]
[    3.523322] GHES: HEST is not enabled!
[    3.527917] ACPI: Battery Slot [BAT0] (battery present)
[    3.548158] Serial: 8250/16550 driver, 32 ports, IRQ sharing enabled
[    3.595541] 00:02: ttyS0 at I/O 0x3f8 (irq = 4, base_baud = 115200) is a 16550A
[    3.660878] Linux agpgart interface v0.103
[    3.696865] loop: module loaded
[    3.711580] scsi host0: ata_piix
[    3.724042] scsi host1: ata_piix
[    3.733284] ata1: PATA max UDMA/33 cmd 0x1f0 ctl 0x3f6 bmdma 0xd000 irq 14
[    3.737119] ata2: PATA max UDMA/33 cmd 0x170 ctl 0x376 bmdma 0xd008 irq 15
[    3.765598] libphy: Fixed MDIO Bus: probed
[    3.778106] tun: Universal TUN/TAP device driver, 1.6
[    3.790522] tun: (C) 1999-2004 Max Krasnyansky <maxk@qualcomm.com>
[    3.807910] PPP generic driver version 2.4.2
[    3.819077] ehci_hcd: USB 2.0 'Enhanced' Host Controller (EHCI) Driver
[    3.833180] ehci-pci: EHCI PCI platform driver
[    3.845601] ehci-platform: EHCI generic platform driver
[    3.859961] ohci_hcd: USB 1.1 'Open' Host Controller (OHCI) Driver
[    3.875257] ohci-pci: OHCI PCI platform driver
[    3.887208] ohci-platform: OHCI generic platform driver
[    3.899766] uhci_hcd: USB Universal Host Controller Interface driver
[    3.916524] i8042: PNP: PS/2 Controller [PNP0303:PS2K,PNP0f03:PS2M] at 0x60,0x64 irq 1,12
[    3.947185] serio: i8042 KBD port at 0x60,0x64 irq 1
[    3.962412] serio: i8042 AUX port at 0x60,0x64 irq 12
[    3.995932] mousedev: PS/2 mouse device common for all mice
[    4.068685] rtc_cmos rtc_cmos: rtc core: registered rtc_cmos as rtc0
[    4.086741] rtc_cmos rtc_cmos: alarms up to one day, 114 bytes nvram
[    4.100622] i2c /dev entries driver
[    4.110563] device-mapper: uevent: version 1.0.3
[    4.125414] device-mapper: ioctl: 4.34.0-ioctl (2015-10-28) initialised: dm-devel@redhat.com
[    4.144340] ledtrig-cpu: registered to indicate activity on CPUs
[    4.162132] input: AT Translated Set 2 keyboard as /devices/platform/i8042/serio0/input/input2
[    4.184149] NET: Registered protocol family 10
[    4.205069] NET: Registered protocol family 17
[    4.221867] Key type dns_resolver registered
[    4.242104] registered taskstats version 1
[    4.254789] Loading compiled-in X.509 certificates
[    4.269773] Loaded X.509 cert 'Build time autogenerated kernel key: cf00e047681d67edb2720680708b7d9498083038'
[    4.293830] zswap: loaded using pool lzo/zbud
[    4.314807] Key type trusted registered
[    4.344085] Key type encrypted registered
[    4.355777] AppArmor: AppArmor sha1 policy hashing enabled
[    4.371229] ima: No TPM chip found, activating TPM-bypass!
[    4.384716] ima: Allocated hash algorithm: sha1
[    4.397793] evm: HMAC attrs: 0x1
[    4.409978]   Magic number: 8:145:248
[    4.424125] rtc_cmos rtc_cmos: setting system clock to 2024-09-23 21:12:35 UTC (1727125955)
[    4.447668] BIOS EDD facility v0.16 2004-Jun-25, 0 devices found
[    4.466014] EDD information not available.
[    4.486906] Freeing unused kernel memory: 1492K
[    4.513064] Write protecting the kernel read-only data: 14336k
[    4.528053] Freeing unused kernel memory: 1584K
[    4.538425] Freeing unused kernel memory: 52K
Loading, please wait...
starting version 229
[    4.617506] random: udevadm: uninitialized urandom read (16 bytes read, 12 bits of entropy available)
[    4.617766] random: systemd-udevd: uninitialized urandom read (16 bytes read, 12 bits of entropy available)
[    4.617963] random: systemd-udevd: uninitialized urandom read (16 bytes read, 12 bits of entropy available)
[    4.618011] random: systemd-udevd: uninitialized urandom read (16 bytes read, 12 bits of entropy available)
[    4.618063] random: systemd-udevd: uninitialized urandom read (16 bytes read, 12 bits of entropy available)
[    4.722305] random: udevadm: uninitialized urandom read (16 bytes read, 12 bits of entropy available)
[    4.767037] random: systemd-udevd: uninitialized urandom read (16 bytes read, 12 bits of entropy available)
[    4.775564] random: udevadm: uninitialized urandom read (16 bytes read, 12 bits of entropy available)
[    4.775730] random: udevadm: uninitialized urandom read (16 bytes read, 12 bits of entropy available)
[    4.776656] random: udevadm: uninitialized urandom read (16 bytes read, 12 bits of entropy available)
[    5.101188] e1000: Intel(R) PRO/1000 Network Driver - version 7.3.21-k8-NAPI
[    5.122596] e1000: Copyright (c) 1999-2006 Intel Corporation.
[    5.177120] Fusion MPT base driver 3.04.20
[    5.193177] Copyright (c) 1999-2008 LSI Corporation
[    5.249636] Fusion MPT SPI Host driver 3.04.20
[    5.406007] SSE version of gcm_enc/dec engaged.
[    5.676992] input: ImExPS/2 Generic Explorer Mouse as /devices/platform/i8042/serio1/input/input4
[    6.719865] e1000 0000:00:03.0 eth0: (PCI:33MHz:32-bit) 02:be:82:6b:cc:1d
[    6.737286] e1000 0000:00:03.0 eth0: Intel(R) PRO/1000 Network Connection
[    6.762283] mptbase: ioc0: Initiating bringup
[    6.861656] ioc0: LSI53C1030 A0: Capabilities={Initiator}
[    7.109823] scsi host2: ioc0: LSI53C1030 A0, FwRev=00000000h, Ports=1, MaxQ=256, IRQ=20
[    7.247921] scsi 2:0:0:0: Direct-Access     VBOX     HARDDISK         1.0  PQ: 0 ANSI: 5
[    7.280925] scsi target2:0:0: Beginning Domain Validation
[    7.317198] scsi target2:0:0: Domain Validation skipping write tests
[    7.338008] scsi target2:0:0: Ending Domain Validation
[    7.354712] scsi target2:0:0: asynchronous
[    7.370098] scsi 2:0:1:0: Direct-Access     VBOX     HARDDISK         1.0  PQ: 0 ANSI: 5
[    7.392240] scsi target2:0:1: Beginning Domain Validation
[    7.432432] scsi target2:0:1: Domain Validation skipping write tests
[    7.452035] scsi target2:0:1: Ending Domain Validation
[    7.465657] scsi target2:0:1: asynchronous
[    7.529602] sd 2:0:0:0: Attached scsi generic sg0 type 0
[    7.544480] sd 2:0:0:0: [sda] 83886080 512-byte logical blocks: (42.9 GB/40.0 GiB)
[    7.585742] sd 2:0:1:0: Attached scsi generic sg1 type 0
[    7.590622] sd 2:0:0:0: [sda] Write Protect is off
[    7.592851] sd 2:0:0:0: [sda] Incomplete mode parameter data
[    7.592854] sd 2:0:0:0: [sda] Assuming drive cache: write through
[    7.594044] sd 2:0:1:0: [sdb] 20480 512-byte logical blocks: (10.5 MB/10.0 MiB)
[    7.618522] sd 2:0:1:0: [sdb] Write Protect is off
[    7.621045] sd 2:0:1:0: [sdb] Incomplete mode parameter data
[    7.621047] sd 2:0:1:0: [sdb] Assuming drive cache: write through
[    7.729655]  sda: sda1
[    7.752819] sd 2:0:1:0: [sdb] Attached SCSI disk
[    7.768210] sd 2:0:0:0: [sda] Attached SCSI disk
[    8.818776] e1000 0000:00:08.0 eth1: (PCI:33MHz:32-bit) 08:00:27:06:62:ac
[    8.835824] e1000 0000:00:08.0 eth1: Intel(R) PRO/1000 Network Connection
[    8.856892] e1000 0000:00:03.0 enp0s3: renamed from eth0
[    8.891318] e1000 0000:00:08.0 enp0s8: renamed from eth1
Begin: Loading essential drivers ... [   11.530190] md: linear personality registered for level -1
[   11.557074] md: multipath personality registered for level -4
[   11.584744] md: raid0 personality registered for level 0
[   11.646756] md: raid1 personality registered for level 1
[   12.647656] raid6: sse2x1   gen() 69418 MB/s
[   14.642278] raid6: sse2x1   xor() 52086 MB/s
[   15.649276] raid6: sse2x2   gen() 100128 MB/s
[   16.643733] raid6: sse2x2   xor() 66959 MB/s
[   16.724603] raid6: sse2x4   gen()  6484 MB/s
[   17.640327] raid6: sse2x4   xor() 63139 MB/s
[   17.653738] raid6: using algorithm sse2x2 gen() 100128 MB/s
[   17.666637] raid6: .... xor() 66959 MB/s, rmw enabled
[   17.679091] raid6: using ssse3x2 recovery algorithm
[   17.699959] xor: measuring software checksum speed
[   17.808997]    prefetch64-sse: 20873.000 MB/sec
[   17.923785]    generic_sse: 20618.000 MB/sec
[   17.934836] xor: using function: prefetch64-sse (20873.000 MB/sec)
[   17.958606] async_tx: api initialized (async)
[   18.108020] md: raid6 personality registered for level 6
[   18.122077] md: raid5 personality registered for level 5
[   18.136160] md: raid4 personality registered for level 4
[   18.212729] md: raid10 personality registered for level 10
done.
Begin: Running /scripts/init-premount ... done.
Begin: Mounting root file system ... Begin: Running /scripts/local-top ... done.
Begin: Running /scripts/local-premount ... [   18.462912] Btrfs loaded
Scanning for Btrfs filesystems
done.
Warning: fsck not present, so skipping root file system
[   18.625346] EXT4-fs (sda1): mounted filesystem with ordered data mode. Opts: (null)
done.
Begin: Running /scripts/local-bottom ... done.
Begin: Running /scripts/init-bottom ... done.
[   19.111587] systemd[1]: systemd 229 running in system mode. (+PAM +AUDIT +SELINUX +IMA +APPARMOR +SMACK +SYSVINIT +UTMP +LIBCRYPTSETUP +GCRYPT +GNUTLS +ACL +XZ -LZ4 +SECCOMP +BLKID +ELFUTILS +KMOD -IDN)
[   19.146931] systemd[1]: Detected virtualization oracle.
[   19.161544] systemd[1]: Detected architecture x86-64.

Welcome to [1mUbuntu 16.04.7 LTS[0m!

[   19.199722] systemd[1]: Set hostname to <ubuntu>.
[   19.226119] systemd[1]: Initializing machine ID from random generator.
[   19.240396] systemd[1]: Installed transient /etc/machine-id file.
[   19.511486] random: nonblocking pool is initialized
[   19.871049] systemd[1]: Listening on Journal Socket (/dev/log).
[[0;32m  OK  [0m] Listening on Journal Socket (/dev/log).
[   19.897478] systemd[1]: Listening on udev Kernel Socket.
[[0;32m  OK  [0m] Listening on udev Kernel Socket.
[   19.918051] systemd[1]: Reached target User and Group Name Lookups.
[[0;32m  OK  [0m] Reached target User and Group Name Lookups.
[   19.941549] systemd[1]: Listening on LVM2 metadata daemon socket.
[[0;32m  OK  [0m] Listening on LVM2 metadata daemon socket.
[   19.964420] systemd[1]: Reached target System Time Synchronized.
[[0;32m  OK  [0m] Reached target System Time Synchronized.
[   19.987608] systemd[1]: Listening on /dev/initctl Compatibility Named Pipe.
[[0;32m  OK  [0m] Listening on /dev/initctl Compatibility Named Pipe.
[   20.014555] systemd[1]: Listening on LVM2 poll daemon socket.
[[0;32m  OK  [0m] Listening on LVM2 poll daemon socket.
[   20.036041] systemd[1]: Listening on fsck to fsckd communication Socket.
[[0;32m  OK  [0m] Listening on fsck to fsckd communication Socket.
[   20.061882] systemd[1]: Listening on udev Control Socket.
[[0;32m  OK  [0m] Listening on udev Control Socket.
[   20.084438] systemd[1]: Reached target Encrypted Volumes.
[[0;32m  OK  [0m] Reached target Encrypted Volumes.
[   20.110047] systemd[1]: Started Forward Password Requests to Wall Directory Watch.
[[0;32m  OK  [0m] Started Forward Password Requests to Wall Directory Watch.
[   20.144343] systemd[1]: Set up automount Arbitrary Executable File Formats File System Automount Point.
[[0;32m  OK  [0m] Set up automount Arbitrary Executab...ats File System Automount Point.
[   20.181421] systemd[1]: Started Trigger resolvconf update for networkd DNS.
[[0;32m  OK  [0m] Started Trigger resolvconf update for networkd DNS.
[   20.213381] systemd[1]: Created slice User and Session Slice.
[[0;32m  OK  [0m] Created slice User and Session Slice.
[   20.241663] systemd[1]: Listening on Device-mapper event daemon FIFOs.
[[0;32m  OK  [0m] Listening on Device-mapper event daemon FIFOs.
[   20.270001] systemd[1]: Listening on Journal Audit Socket.
[[0;32m  OK  [0m] Listening on Journal Audit Socket.
[   20.298441] systemd[1]: Reached target Swap.
[[0;32m  OK  [0m] Reached target Swap.
[   20.326011] systemd[1]: Listening on Syslog Socket.
[[0;32m  OK  [0m] Listening on Syslog Socket.
[   20.358955] systemd[1]: Listening on Journal Socket.
[[0;32m  OK  [0m] Listening on Journal Socket.
[   20.394762] systemd[1]: Created slice System Slice.
[[0;32m  OK  [0m] Created slice System Slice.
[   20.441720] systemd[1]: Starting Monitoring of LVM2 mirrors, snapshots etc. using dmeventd or progress polling...
         Starting Monitoring of LVM2 mirrors... dmeventd or progress polling...
[   20.511484] systemd[1]: Starting Set console keymap...
         Starting Set console keymap...
[   20.541293] systemd[1]: Reached target Slices.
[[0;32m  OK  [0m] Reached target Slices.
[   20.615572] systemd[1]: Starting Journal Service...
         Starting Journal Service...
[   20.718895] systemd[1]: Starting Nameserver information manager...
         Starting Nameserver information manager...
[   20.814174] systemd[1]: Starting Create list of required static device nodes for the current kernel...
         Starting Create list of required st... nodes for the current kernel...
[   20.932499] systemd[1]: Mounting Debug File System...
         Mounting Debug File System...
[   20.995523] systemd[1]: Starting Uncomplicated firewall...
         Starting Uncomplicated firewall...
[   21.028181] systemd[1]: Created slice system-serial\x2dgetty.slice.
[[0;32m  OK  [0m] Created slice system-serial\x2dgetty.slice.
[   21.076765] systemd[1]: Mounting Huge Pages File System...
         Mounting Huge Pages File System...
[   21.113239] systemd[1]: Starting Load Kernel Modules...
         Starting Load Kernel Modules...
[   21.181618] Loading iSCSI transport class v2.0-870.
[   21.201084] systemd[1]: Mounting POSIX Message Queue File System...
         Mounting POSIX Message Queue File System...
[   21.242506] systemd[1]: Starting File System Check on Root Device...
         Starting File System Check on Root Devi[   21.278550] systemd[1]: Mounted Huge Pages File System.
ce...
[[0;32m  OK  [0m] Mounted Huge Pages File System.
[   21.331909] systemd[1]: Mounted POSIX Message Queue File System.
[[0;32m  OK  [0m] Mounted POSIX Message Queue File System.
[   21.378760] systemd[1]: Mounted Debug File System.
[   21.408697] iscsi: registered transport (tcp)
[[0;32m  OK  [0m] Mounted Debug File System.
[   21.433239] systemd[1]: Started Journal Service.
[[0;32m  OK  [0m] Started Journal Service.
[[0;32m  OK  [0m] Started Set console keymap.
[[0;32m  OK  [0m] Started Create list of required sta...ce nodes for the current kernel.
[[0;32m  OK  [0m] Started Uncomplicated firewall.
[[0;32m  OK  [0m] Started File System Check on Root Device.
[[0;32m  OK  [0m] Started Nameserver information manager.
[[0;32m  OK  [0m] Started LVM2 metadata daemon.
[[0;32m  OK  [0m] Started File System Check Daemon to report status.
         Starting Remount Root and Kernel File Systems...
[   21.794300] EXT4-fs (sda1): re-mounted. Opts: (null)
         Starting Create Static Device Nodes in /dev...
[[0;32m  OK  [0m] Started Remount Root and Kernel File Systems.
[[   21.915425] iscsi: registered transport (iser)
[0;32m  OK  [0m] Started Create Static Device Nodes in /dev.
[[0;32m  OK  [0m] Started Load Kernel Modules.
[[0;32m  OK  [0m] Started Monitoring of LVM2 mirrors,...ng dmeventd or progress polling.
         Starting Apply Kernel Variables...
         Mounting FUSE Control File System...
         Starting udev Kernel Device Manager...
[[0;32m  OK  [0m] Reached target Local File Systems (Pre).
[[0;32m  OK  [0m] Reached target Local File Systems.
         Starting Commit a transient machine-id on disk...
         Starting Tell Plymouth To Write Out Runtime Data...
         Starting Set console font and keymap...
         Starting LSB: AppArmor initialization...
         Starting udev Coldplug all Devices...
         Starting Flush Journal to Persistent Storage...
         Starting Load/Save Random Seed...
         Starting Initial cloud-init job (pre-networking)...
[[0;32m  OK  [0m] Mounted FUSE Control File System.
[[0;32m  OK  [0m] Started udev Kernel Device Manager.
[[0;32m  OK  [0m] Started Apply Kernel Variables.
[[0;32m  OK  [0m] Started Commit a transient machine-id on disk.
[[0;32m  OK  [0m] Started Tell Plymouth To Write Out Runtime Data.
[[0;32m  OK  [0m] Started Load/Save Random Seed.
[[0;32m  OK  [0m] Started Flush Journal to Persistent Storage.
         Starting Create Volatile Files and Directories...
[[0;32m  OK  [0m] Started Create Volatile Files and Directories.
         Starting Update UTMP about System Boot/Shutdown...
[[0;32m  OK  [0m] Started Update UTMP about System Boot/Shutdown.
[[0;32m  OK  [0m] Started udev Coldplug all Devices.
[[0;32m  OK  [0m] Started Dispatch Password Requests to Console Directory Watch.
[[0;32m  OK  [0m] Found device /dev/ttyS0.
[[0;32m  OK  [0m] Listening on Load/Save RF Kill Switch Status /dev/rfkill Watch.
[[0;32m  OK  [0m] Started LSB: AppArmor initialization.
[   28.940940] cloud-init[500]: Cloud-init v. 21.1-19-gbad84ad4-0ubuntu1~16.04.2 running 'init-local' at Mon, 23 Sep 2024 21:12:58 +0000. Up 27.64 seconds.
[[0;32m  OK  [0m] Started Initial cloud-init job (pre-networking).
[[0;32m  OK  [0m] Reached target Network (Pre).
         Starting Raise network interfaces...
         Starting Load AppArmor profiles managed internally by snapd...
[[0;32m  OK  [0m] Started Set console font and keymap.
[[0;32m  OK  [0m] Started Load AppArmor profiles managed internally by snapd.
[[0;32m  OK  [0m] Created slice system-getty.slice.
[[0;32m  OK  [0m] Started Raise network interfaces.
[[0;32m  OK  [0m] Reached target Network.
         Starting Initial cloud-init job (metadata service crawler)...
[   34.572513] cloud-init[977]: Cloud-init v. 21.1-19-gbad84ad4-0ubuntu1~16.04.2 running 'init' at Mon, 23 Sep 2024 21:13:04 +0000. Up 33.26 seconds.
[   34.590565] cloud-init[977]: ci-info: ++++++++++++++++++++++++++++++++++++++Net device info+++++++++++++++++++++++++++++++++++++++
[   34.609136] cloud-init[977]: ci-info: +--------+-------+----------------------------+---------------+--------+-------------------+
[   34.626245] cloud-init[977]: ci-info: | Device |   Up  |          Address           |      Mask     | Scope  |     Hw-Address    |
[   34.638708] cloud-init[977]: ci-info: +--------+-------+----------------------------+---------------+--------+-------------------+
[   34.654412] cloud-init[977]: ci-info: | enp0s3 |  True |         10.0.2.15          | 255.255.255.0 | global | 02:be:82:6b:cc:1d |
[   34.669268] cloud-init[977]: ci-info: | enp0s3 |  True | fe80::be:82ff:fe6b:cc1d/64 |       .       |  link  | 02:be:82:6b:cc:1d |
[   34.684203] cloud-init[977]: ci-info: | enp0s8 | False |             .              |       .       |   .    | 08:00:27:06:62:ac |
[   34.699859] cloud-init[977]: ci-info: |   lo   |  True |         127.0.0.1          |   255.0.0.0   |  host  |         .         |
[   34.715155] cloud-init[977]: ci-info: |   lo   |  True |          ::1/128           |       .       |  host  |         .         |
[   34.727698] cloud-init[977]: ci-info: +--------+-------+----------------------------+---------------+--------+-------------------+
[   34.741793] cloud-init[977]: ci-info: +++++++++++++++++++++++++++Route IPv4 info++++++++++++++++++++++++++++
[   34.754121] cloud-init[977]: ci-info: +-------+-------------+----------+---------------+-----------+-------+
[   34.766297] cloud-init[977]: ci-info: | Route | Destination | Gateway  |    Genmask    | Interface | Flags |
[   34.779891] cloud-init[977]: ci-info: +-------+-------------+----------+---------------+-----------+-------+
[   34.792446] cloud-init[977]: ci-info: |   0   |   0.0.0.0   | 10.0.2.2 |    0.0.0.0    |   enp0s3  |   UG  |
[   34.806407] cloud-init[977]: ci-info: |   1   |   10.0.2.0  | 0.0.0.0  | 255.255.255.0 |   enp0s3  |   U   |
[   34.818278] cloud-init[977]: ci-info: +-------+-------------+----------+---------------+-----------+-------+
[   34.830332] cloud-init[977]: ci-info: +++++++++++++++++++Route IPv6 info+++++++++++++++++++
[   34.842064] cloud-init[977]: ci-info: +-------+-------------+---------+-----------+-------+
[   34.852537] cloud-init[977]: ci-info: | Route | Destination | Gateway | Interface | Flags |
[   34.862646] cloud-init[977]: ci-info: +-------+-------------+---------+-----------+-------+
[   34.873018] cloud-init[977]: ci-info: |   0   |  fe80::/64  |    ::   |   enp0s3  |   U   |
[[   34.885472] cloud-init[977]: ci-info: |   4   |   ff00::/8  |    ::   |   enp0s3  |   U   |
[   34.889964] cloud-init[977]: ci-info: +-------+-------------+---------+-----------+-------+
[   34.890079] cloud-init[977]: Generating public/private rsa key pair.
[   34.891170] cloud-init[977]: Your identification has been saved in /etc/ssh/ssh_host_rsa_key.
[   34.894026] cloud-init[977]: Your public key has been saved in /etc/ssh/ssh_host_rsa_key.pub.
[   34.895003] cloud-init[977]: The key fingerprint is:
[   34.896932] cloud-init[977]: SHA256:79Re1/wsT83AGWcPWWvnfl9W3XhnhaXFfdMnodp7Ds0 root@ubuntu-xenial
[   34.897881] cloud-init[977]: The key's randomart image is:
[   34.898713] cloud-init[977]: +---[RSA 2048]----+
[   34.899830] cloud-init[977]: |              .o*|
[   34.902877] cloud-init[977]: |             ..OB|
[   34.903668] cloud-init[977]: |            . *+O|
[   34.904987] cloud-init[977]: |           o ..O*|
[   34.905097] cloud-init[977]: |        S . . = X|
[   34.906079] cloud-init[977]: |         . . + B=|
[   34.906289] cloud-init[977]: |          o + E %|
[   34.907517] cloud-init[977]: |         o . =.==|
[   34.909071] cloud-init[977]: |          . . .o=|
[   34.910174] cloud-init[977]: +----[SHA256]-----+
[   34.911042] cloud-init[977]: Generating public/private dsa key pair.
[   34.912036] cloud-init[977]: Your identification has been saved in /etc/ssh/ssh_host_dsa_key.
[   34.912642] cloud-init[977]: Your public key has been saved in /etc/ssh/ssh_host_dsa_key.pub.
[   34.913302] cloud-init[977]: The key fingerprint is:
[   34.913508] cloud-init[977]: SHA256:kibUqf5iKfMjOfKKgcWjrgj38Higglv6+8r6VuoAqA0 root@ubuntu-xenial
[   34.913761] cloud-init[977]: The key's randomart image is:
[   34.914857] cloud-init[977]: +---[DSA 1024]----+
[   34.915779] cloud-init[977]: |                 |
[   34.915977] cloud-init[977]: |     . .         |
[   34.917973] cloud-init[977]: |    . o          |
[   34.919004] cloud-init[977]: |.. . . .         |
[   34.919960] cloud-init[977]: |E + o + S        |
[   34.922312] cloud-init[977]: |+=.o.o .         |
[   34.923296] cloud-init[977]: |O.==..           |
[   34.924585] cloud-init[977]: |XBO=*.           |
[   34.925275] cloud-init[977]: |@%X%=o.          |
[   34.926269] cloud-init[977]: +----[SHA256]-----+
[   34.927082] cloud-init[977]: Generating public/private ecdsa key pair.
[   34.927285] cloud-init[977]: Your identification has been saved in /etc/ssh/ssh_host_ecdsa_key.
[   34.927487] cloud-init[977]: Your public key has been saved in /etc/ssh/ssh_host_ecdsa_key.pub.
[   34.927680] cloud-init[977]: The key fingerprint is:
[   34.929643] cloud-init[977]: SHA256:5NJMdJtsFLinPK/zFwjEXddGYtyskOLzXFGtDs4/Shw root@ubuntu-xenial
[   34.930529] cloud-init[977]: The key's randomart image is:
[   34.931629] cloud-init[977]: +---[ECDSA 256]---+
[   34.931830] cloud-init[977]: |       ..o+o.o+*+|
[   34.932688] cloud-init[977]: |       .++ooooo.*|
[   34.933523] cloud-init[977]: |       .oo=. . = |
[   34.934403] cloud-init[977]: |       *o.+ . +  |
[   34.935376] cloud-init[977]: |      ..S+ BE+   |
[   34.936207] cloud-init[977]: |       .+ ..*..  |
[   34.938170] cloud-init[977]: |         o  oo   |
[   34.939052] cloud-init[977]: |        . ... o  |
[   34.939912] cloud-init[977]: |        .+.... . |
[   34.942310] cloud-init[977]: +----[SHA256]-----+
[   34.943181] cloud-init[977]: Generating public/private ed25519 key pair.
[   34.944579] cloud-init[977]: Your identification has been saved in /etc/ssh/ssh_host_ed25519_key.
[   34.945187] cloud-init[977]: Your public key has been saved in /etc/ssh/ssh_host_ed25519_key.pub.
[   34.946061] cloud-init[977]: The key fingerprint is:
[   34.946921] cloud-init[977]: SHA256:i24mStahxLrhkYvZQbliVTjAsrcMmOSK6MO1SPA7VSU root@ubuntu-xenial
[   34.947834] cloud-init[977]: The key's randomart image is:
[   34.949848] cloud-init[977]: +--[ED25519 256]--+
[   34.950762] cloud-init[977]: |..               |
[   34.951571] cloud-init[977]: |.o. . E .        |
[   34.952232] cloud-init[977]: |=o o . o         |
[   34.953600] cloud-init[977]: |*o..o .          |
[   34.954452] cloud-init[977]: |===o..  S        |
[   34.955326] cloud-init[977]: |+=*=.. . .       |
[   34.956646] cloud-init[977]: |B+Ooo . .        |
[   34.957335] cloud-init[977]: |+&=o..o          |
[   34.957551] cloud-init[977]: |+o+o +.          |
[   34.957747] cloud-init[977]: +----[SHA256]-----+
[0;32m  OK  [0m] Started Initial cloud-init job (metadata service crawler).
[[0;32m  OK  [0m] Reached target Cloud-config availability.
[[0;32m  OK  [0m] Reached target System Initialization.
[[0;32m  OK  [0m] Listening on UUID daemon activation socket.
         Starting LXD - unix socket.
[[0;32m  OK  [0m] Started ACPI Events Check.
[[0;32m  OK  [0m] Reached target Paths.
[[0;32m  OK  [0m] Started Daily Cleanup of Temporary Directories.
         Starting Socket activation for snappy daemon.
[[0;32m  OK  [0m] Started Ubuntu Advantage update messaging.
[[0;32m  OK  [0m] Listening on ACPID Listen Socket.
[[0;32m  OK  [0m] Listening on D-Bus System Message Bus Socket.
[[0;32m  OK  [0m] Started Daily apt download activities.
[[0;32m  OK  [0m] Started Daily apt upgrade and clean activities.
[[0;32m  OK  [0m] Started Message of the Day.
[[0;32m  OK  [0m] Reached target Timers.
[[0;32m  OK  [0m] Reached target Network is Online.
         Starting iSCSI initiator daemon (iscsid)...
[[0;32m  OK  [0m] Listening on LXD - unix socket.
[[0;32m  OK  [0m] Listening on Socket activation for snappy daemon.
[[0;32m  OK  [0m] Reached target Sockets.
[[0;32m  OK  [0m] Reached target Basic System.
         Starting Login Service...
         Starting LSB: MD monitoring daemon...
         Starting Virtualbox guest utils...
         Starting System Logging Service...
[[0;32m  OK  [0m] Started Deferred execution scheduler.
         Starting Accounts Service...
         Starting /etc/rc.local Compatibility...
[[0;32m  OK  [0m] Started FUSE filesystem for LXC.
[[0;32m  OK  [0m] Started Regular background program processing daemon.
         Starting LSB: Record successful boot for GRUB...
[[0;32m  OK  [0m] Started D-Bus System Message Bus.
[[0;32m  OK  [0m] Started ACPI event daemon.
         Starting Snap Daemon...
         Starting Pollinate to seed the pseudo random number generator...
         Starting LXD - container startup/shutdown...
[[0;32m  OK  [0m] Started System Logging Service.
[[0;32m  OK  [0m] Started iSCSI initiator daemon (iscsid).
[[0;32m  OK  [0m] Started /etc/rc.local Compatibility.
[[0;32m  OK  [0m] Started Login Service.
[[0;32m  OK  [0m] Started Unattended Upgrades Shutdown.
         Starting Authenticate and Authorize Users to Run Privileged Tasks...
         Starting Login to default iSCSI targets...
[[0;32m  OK  [0m] Started LSB: Record successful boot for GRUB.
[[0;32m  OK  [0m] Started Authenticate and Authorize Users to Run Privileged Tasks.
[[0;32m  OK  [0m] Started Accounts Service.
[[0;32m  OK  [0m] Started LSB: MD monitoring daemon.
[[0;32m  OK  [0m] Started Login to default iSCSI targets.
[[0;32m  OK  [0m] Reached target Remote File Systems (Pre).
[[0;32m  OK  [0m] Reached target Remote File Systems.
         Starting LSB: automatic crash report generation...
         Starting LSB: Set the CPU Frequency Scaling governor to "ondemand"...
         Starting Permit User Sessions...
         Starting LSB: daemon to balance interrupts for SMP systems...
[[0;32m  OK  [0m] Started LXD - container startup/shutdown.
[[0;32m  OK  [0m] Started Permit User Sessions.
         Starting Terminate Plymouth Boot Screen...
         Starting Hold until boot process finishes up...
[[0;32m  OK  [0m] Started Virtualbox guest utils.
[[0;32m  OK  [0m] Started LSB: Set the CPU Frequency Scaling governor to "ondemand".
[[0;32m  OK  [0m] Started Terminate Plymouth Boot Screen.
[[0;32m  OK  [0m] Started Hold until boot process finishes up.
[[0;32m  OK  [0m] Started Getty on tty1.
         Starting Set console scheme...
[[0;32m  OK  [0m] Started Serial Getty on ttyS0.
[[0;32m  OK  [0m] Reached target Login Prompts.
[[0;32m  OK  [0m] Started LSB: automatic crash report generation.
[[0;32m  OK  [0m] Started LSB: daemon to balance interrupts for SMP systems.
[[0;32m  OK  [0m] Started Set console scheme.
[[0;32m  OK  [0m] Started Snap Daemon.
         Starting Wait until snapd is fully seeded...
[[0;32m  OK  [0m] Started Pollinate to seed the pseudo random number generator.
         Starting OpenBSD Secure Shell server...
[[0;32m  OK  [0m] Started OpenBSD Secure Shell server.
[[0;32m  OK  [0m] Created slice User Slice of vagrant.
         Starting User Manager for UID 1000...
[[0;32m  OK  [0m] Started Session 1 of user vagrant.
[[0;32m  OK  [0m] Started User Manager for UID 1000.
[[0;32m  OK  [0m] Started Wait until snapd is fully seeded.
[[0;32m  OK  [0m] Reached target Multi-User System.
[[0;32m  OK  [0m] Reached target Graphical Interface.
         Starting Update UTMP about System Runlevel Changes...
         Starting Apply the settings specified in cloud-config...
[[0;32m  OK  [0m] Started Update UTMP about System Runlevel Changes.
[   42.908262] cloud-init[1403]: Generating locales (this might take a while)...

Ubuntu 16.04.7 LTS ubuntu-xenial ttyS0

ubuntu-xenial login: [   46.690522] cloud-init[1403]:   en_US.UTF-8... done
[   46.698731] cloud-init[1403]: Generation complete.
[   47.705267] cloud-init[1403]: Cloud-init v. 21.1-19-gbad84ad4-0ubuntu1~16.04.2 running 'modules:config' at Mon, 23 Sep 2024 21:13:13 +0000. Up 42.42 seconds.
ci-info: no authorized SSH keys fingerprints found for user ubuntu.
<14>Sep 23 21:13:20 ec2: 
<14>Sep 23 21:13:20 ec2: #############################################################
<14>Sep 23 21:13:20 ec2: -----BEGIN SSH HOST KEY FINGERPRINTS-----
<14>Sep 23 21:13:20 ec2: 1024 SHA256:kibUqf5iKfMjOfKKgcWjrgj38Higglv6+8r6VuoAqA0 root@ubuntu-xenial (DSA)
<14>Sep 23 21:13:20 ec2: 256 SHA256:5NJMdJtsFLinPK/zFwjEXddGYtyskOLzXFGtDs4/Shw root@ubuntu-xenial (ECDSA)
<14>Sep 23 21:13:20 ec2: 256 SHA256:i24mStahxLrhkYvZQbliVTjAsrcMmOSK6MO1SPA7VSU root@ubuntu-xenial (ED25519)
<14>Sep 23 21:13:20 ec2: 2048 SHA256:79Re1/wsT83AGWcPWWvnfl9W3XhnhaXFfdMnodp7Ds0 root@ubuntu-xenial (RSA)
<14>Sep 23 21:13:20 ec2: -----END SSH HOST KEY FINGERPRINTS-----
<14>Sep 23 21:13:20 ec2: #############################################################
-----BEGIN SSH HOST KEY KEYS-----
ecdsa-sha2-nistp256 AAAAE2VjZHNhLXNoYTItbmlzdHAyNTYAAAAIbmlzdHAyNTYAAABBBEGk+NxsRdfSvz+Cjd9kHV8pJW9GePcgOgVAjCVaZYlHnx2zjZdTu2NrvU3TL1CKcslMK0oSCBkSbvcgFvlg420= root@ubuntu-xenial
ssh-ed25519 AAAAC3NzaC1lZDI1NTE5AAAAICpudFB1eWIFnC5ql3shAfLqFT0Cz+05lJS0Wv7xCVaP root@ubuntu-xenial
ssh-rsa AAAAB3NzaC1yc2EAAAADAQABAAABAQCfQ8rvkFLgr0gPKDRVUjt3lWhPDbOdRiwDtM1y8c0AkRhuUHbSG5pTo+mGQ+vYA1u5IIhujHmxRJK/ANfmE9SrbTsrwg/qbNpPkhItWH9Clm82Rc+PE75zKChfovUd0rddwGkNSNX9YTgTzcYCnKBOX+FEDm0tdhd68ZAAM5AboOi84IqtQdo30Z7wKdrE1FCvFq5zspEjmgJxy25iAMhKAhv34d/P3pf8FdYcp3ofzU97U9dpGIF0XAxGiL7Fi9ikCWqvGbZ/vPVCYmuyfSe51Rvaxuco0Qg11UShWNH98iw377LM/JJjEsboJgHzllkFXbTFWAz0j0GYDkTX8dwl root@ubuntu-xenial
-----END SSH HOST KEY KEYS-----
[   49.306322] cloud-init[1608]: Cloud-init v. 21.1-19-gbad84ad4-0ubuntu1~16.04.2 running 'modules:final' at Mon, 23 Sep 2024 21:13:19 +0000. Up 48.69 seconds.
[   49.306688] cloud-init[1608]: ci-info: no authorized SSH keys fingerprints found for user ubuntu.
[   49.309589] cloud-init[1608]: Cloud-init v. 21.1-19-gbad84ad4-0ubuntu1~16.04.2 finished at Mon, 23 Sep 2024 21:13:20 +0000. Datasource DataSourceNoCloud [seed=/dev/sdb][dsmode=net].  Up 49.29 seconds
[[0;32m  OK  [0m] Closed Load/Save RF Kill Switch Status /dev/rfkill Watch.
         Stopping ACPI event daemon...
         Stopping User Manager for UID 1000...
         Stopping Authenticate and Authorize Users to Run Privileged Tasks...
         Stopping Session 2 of user vagrant.
[[0;32m  OK  [0m] Stopped target Timers.
[[0;32m  OK  [0m] Stopped Daily apt upgrade and clean activities.
[[0;32m  OK  [0m] Stopped Message of the Day.
[[0;32m  OK  [0m] Stopped Daily Cleanup of Temporary Directories.
[[0;32m  OK  [0m] Stopped Ubuntu Advantage update messaging.
[[0;32m  OK  [0m] Stopped Daily apt download activities.
[[0;32m  OK  [0m] Stopped target Graphical Interface.
         Stopping Session 4 of user vagrant.
[[0;32m  OK  [0m] Stopped target Cloud-init target.
[[0;32m  OK  [0m] Stopped Execute cloud user/final scripts.
[[0;32m  OK  [0m] Stopped Apply the settings specified in cloud-config.
[[0;32m  OK  [0m] Stopped target Cloud-config availability.
[[0;32m  OK  [0m] Stopped target Multi-User System.
         Stopping LSB: Apache2 web server...
         Stopping LSB: daemon to balance interrupts for SMP systems...
         Stopping LSB: Record successful boot for GRUB...
         Stopping Regular bac         Stopping Serial Getty on ttyS0...
         Stopping LSB: Start and stop the mysql database server daemon...
         Stopping Ubuntu FAN network setup...
         Stopping Virtualbox guest utils...
         Stopping D-Bus System Message Bus...
         Stopping OpenBSD Secure Shell server...
         Stopping Docker Application Container Engine...
         Stopping FUSE filesystem for LXC...
         Stopping LXD - container startup/shutdown...
         Stopping LSB: Set up cgroupfs mounts....
         Stopping LSB: automatic crash report generation...
[[0;32m  OK  [0m] Stopped Wait until snapd is fully seeded.
         Stopping LSB: Set the CPU Frequency Scaling governor to "ondemand"...
         Stopping LSB: MD monitoring daemon...
         Stopping Deferred execution scheduler...
         Stopping System Logging Service...
         Stopping Accounts Service...
[[0;32m  OK  [0m] Unmounted /var/lib/lxcfs.
[[0;32m  OK  [0m] Stopped System Logging Service.
[[0;32m  OK  [0m] Stopped Deferred execution scheduler.
[[0;32m  OK  [0m] Stopped Accounts Service.
[[0;32m  OK  [0m] Stopped Regular background program processing daemon.
[[0;32m  OK  [0m] Stopped ACPI event daemon.
[[0;32m  OK  [0m] Stopped Authenticate and Authorize Users to Run Privileged Tasks.
[[0;32m  OK  [0m] Stopped Getty on tty1.
[[0;32m  OK  [0m] Stopped Serial Getty on ttyS0.
[[0;32m  OK  [0m] Stopped OpenBSD Secure Shell server.
[[0;32m  OK  [0m] Stopped User Manager for UID 1000.
[[0;32m  OK  [0m] Stopped Session 2 of user vagrant.
[[0;32m  OK  [0m] Stopped Docker Application Container Engine.
[[0;32m  OK  [0m] Stopped Session 4 of user vagrant.
[[0;32m  OK  [0m] Stopped Ubuntu FAN network setup.
[[0;32m  OK  [0m] Stopped D-Bus System Message Bus.
[[0;32m  OK  [0m] Stopped LSB: Set up cgroupfs mounts..
[[0;32m  OK  [0m] Stopped FUSE filesystem for LXC.
[[0;32m  OK  [0m] Stopped LXD - container startup/shutdown.
[[0;32m  OK  [0m] Stopped LSB: Record successful boot for GRUB.
[[0;32m  OK  [0m] Stopped LSB: daemon to balance interrupts for SMP systems.
[[0;32m  OK  [0m] Stopped LSB: Set the CPU Frequency Scaling governor to "ondemand".
         Stopping containerd container runtime...
[[0;32m  OK  [0m] Removed slice User Slice of vagrant.
         Stopping Login Service...
[[0;32m  OK  [0m] Removed slice system-serial\x2dgetty.slice.
[[0;32m  OK  [0m] Removed slice system-getty.slice.
         Stopping Permit User Sessions...
[[0;32m  OK  [0m] Stopped /etc/rc.local Compatibility.
[[0;32m  OK  [0m] Stopped containerd container runtime.
[[0;32m  OK  [0m] Stopped Login Service.
[[0;32m  OK  [0m] Stopped Virtualbox guest utils.
[[0;32m  OK  [0m] Stopped LSB: automatic crash report generation.
[[0;32m  OK  [0m] Stopped LSB: MD monitoring daemon.
[[0;32m  OK  [0m] Stopped Permit User Sessions.
[[0;32m  OK  [0m] Stopped target User and Group Name Lookups.
[[0;32m  OK  [0m] Stopped LSB: Apache2 web server.
[[0;32m  OK  [0m] Stopped LSB: Start and stop the mysql database server daemon.
[[0;32m  OK  [0m] Stopped target Basic System.
[[0;32m  OK  [0m] Stopped target Paths.
[[0;32m  OK  [0m] Stopped Forward Password Requests to Wall Directory Watch.
[[0;32m  OK  [0m] Stopped ACPI Events Check.
[[0;32m  OK  [0m] Stopped Dispatch Password Requests to Console Directory Watch.
[[0;32m  OK  [0m] Stopped target Sockets.
[[0;32m  OK  [0m] Closed LXD - unix socket.
[[0;32m  OK  [0m] Closed UUID daemon activation socket.
[[0;32m  OK  [0m] Closed Docker Socket for the API.
[[0;32m  OK  [0m] Closed ACPID Listen Socket.
[[0;32m  OK  [0m] Closed Socket activation for snappy daemon.
[[0;32m  OK  [0m] Closed Syslog Socket.
[[0;32m  OK  [0m] Closed D-Bus System Message Bus Socket.
[[0;32m  OK  [0m] Stopped target Slices.
[[0;32m  OK  [0m] Removed slice User and Session Slice.
[[0;32m  OK  [0m] Stopped target System Time Synchronized.
[[0;32m  OK  [0m] Stopped target Remote File Systems.
         Unmounting /vagrant...
         Unmounting /vagrant_data...
[[0;32m  OK  [0m] Stopped target System Initialization.
[[0;32m  OK  [0m] Stopped Commit a transient machine-id on disk.
         Stopping Load/Save Random Seed...
[[0;32m  OK  [0m] Stopped Create Volatile Files and Directories.
[[0;32m  OK  [0m] Stopped target Encrypted Volumes.
[[0;32m  OK  [0m] Stopped target Swap.
[[0;32m  OK  [0m] Unmounted /vagrant.
[[0;32m  OK  [0m] Unmounted /vagrant_data.
[[0;32m  OK  [0m] Stopped Load/Save Random Seed.
[[0;32m  OK  [0m] Stopped target Remote File Systems (Pre).
         Stopping Login to default iSCSI targets...
[[0;32m  OK  [0m] Stopped Login to default iSCSI targets.
         Stopping iSCSI initiator daemon (iscsid)...
[[0;32m  OK  [0m] Stopped iSCSI initiator daemon (iscsid).
[[0;32m  OK  [0m] Stopped target Network is Online.
[[0;32m  OK  [0m] Stopped Initial cloud-init job (metadata service crawler).
[[0;32m  OK  [0m] Stopped target Network.
         Stopping Raise network interfaces...
[[0;32m  OK  [0m] Stopped Raise network interfaces.
[[0;32m  OK  [0m] Stopped target Network (Pre).
[[0;32m  OK  [0m] Stopped Initial cloud-init job (pre-networking).
[[0;32m  OK  [0m] Stopped target Local File Systems.
         Unmounting /run/user/1000...
[[0;32m  OK  [0m] Stopped Apply Kernel Variables.
[[0;32m  OK  [0m] Stopped Load Kernel Modules.
[[0;32m  OK  [0m] Unmounted /run/user/1000.
[[0;32m  OK  [0m] Reached target Unmount All Filesystems.
[[0;32m  OK  [0m] Stopped target Local File Systems (Pre).
         Stopping Monitoring of LVM2 mirrors... dmeventd or progress polling...
[[0;32m  OK  [0m] Stopped Create Static Device Nodes in /dev.
[[0;32m  OK  [0m] Stopped Remount Root and Kernel File Systems.
[[0;32m  OK  [0m] Reached target Shutdown.
[  551.241851] reboot: Power down
